{"/home/travis/build/npmtest/node-npmtest-avrgirl-arduino/test.js":{"path":"/home/travis/build/npmtest/node-npmtest-avrgirl-arduino/test.js","s":{"1":2,"2":2,"3":2,"4":2,"5":2,"6":2,"7":2,"8":1,"9":2,"10":2,"11":1,"12":1,"13":1,"14":1,"15":2,"16":2,"17":2,"18":2,"19":1,"20":1,"21":2,"22":2,"23":2,"24":1,"25":1,"26":1,"27":1,"28":1,"29":1,"30":1,"31":1,"32":1,"33":1,"34":1,"35":1,"36":1,"37":1,"38":1,"39":2,"40":2,"41":1,"42":2,"43":2,"44":1,"45":2,"46":2,"47":1,"48":2,"49":2,"50":1,"51":1,"52":1,"53":1,"54":1},"b":{"1":[2,1,1,1],"2":[1,1,1,1],"3":[1,1],"4":[1,1],"5":[1,1],"6":[1,1],"7":[1,1],"8":[1,1],"9":[1,1],"10":[1,1,1],"11":[1,1],"12":[1,1],"13":[1,1],"14":[1,1],"15":[1,1],"16":[1,1],"17":[1,1]},"f":{"1":2,"2":2,"3":2,"4":2,"5":2,"6":1,"7":1,"8":1,"9":2,"10":2,"11":2,"12":2,"13":1},"fnMap":{"1":{"name":"(anonymous_1)","line":12,"loc":{"start":{"line":12,"column":1},"end":{"line":12,"column":13}}},"2":{"name":"(anonymous_2)","line":19,"loc":{"start":{"line":19,"column":5},"end":{"line":19,"column":17}}},"3":{"name":"(anonymous_3)","line":23,"loc":{"start":{"line":23,"column":24},"end":{"line":23,"column":36}}},"4":{"name":"(anonymous_4)","line":61,"loc":{"start":{"line":61,"column":5},"end":{"line":61,"column":17}}},"5":{"name":"(anonymous_5)","line":82,"loc":{"start":{"line":82,"column":5},"end":{"line":82,"column":17}}},"6":{"name":"(anonymous_6)","line":91,"loc":{"start":{"line":91,"column":77},"end":{"line":94,"column":10}}},"7":{"name":"(anonymous_7)","line":112,"loc":{"start":{"line":112,"column":83},"end":{"line":115,"column":10}},"skip":true},"8":{"name":"(anonymous_8)","line":123,"loc":{"start":{"line":123,"column":77},"end":{"line":126,"column":10}},"skip":true},"9":{"name":"(anonymous_9)","line":139,"loc":{"start":{"line":139,"column":12},"end":{"line":139,"column":40}},"skip":true},"10":{"name":"(anonymous_10)","line":147,"loc":{"start":{"line":147,"column":77},"end":{"line":150,"column":10}},"skip":true},"11":{"name":"(anonymous_11)","line":158,"loc":{"start":{"line":158,"column":83},"end":{"line":161,"column":10}},"skip":true},"12":{"name":"(anonymous_12)","line":169,"loc":{"start":{"line":169,"column":79},"end":{"line":172,"column":10}},"skip":true},"13":{"name":"(anonymous_13)","line":180,"loc":{"start":{"line":180,"column":75},"end":{"line":183,"column":10}},"skip":true}},"statementMap":{"1":{"start":{"line":12,"column":0},"end":{"line":195,"column":5}},"2":{"start":{"line":14,"column":4},"end":{"line":14,"column":14}},"3":{"start":{"line":19,"column":4},"end":{"line":56,"column":9}},"4":{"start":{"line":21,"column":8},"end":{"line":21,"column":19}},"5":{"start":{"line":23,"column":8},"end":{"line":35,"column":13}},"6":{"start":{"line":24,"column":12},"end":{"line":34,"column":13}},"7":{"start":{"line":25,"column":16},"end":{"line":28,"column":30}},"8":{"start":{"line":30,"column":16},"end":{"line":33,"column":27}},"9":{"start":{"line":37,"column":8},"end":{"line":39,"column":21}},"10":{"start":{"line":40,"column":8},"end":{"line":53,"column":9}},"11":{"start":{"line":43,"column":12},"end":{"line":46,"column":14}},"12":{"start":{"line":47,"column":12},"end":{"line":47,"column":18}},"13":{"start":{"line":50,"column":12},"end":{"line":51,"column":33}},"14":{"start":{"line":52,"column":12},"end":{"line":52,"column":18}},"15":{"start":{"line":55,"column":8},"end":{"line":55,"column":35}},"16":{"start":{"line":61,"column":4},"end":{"line":63,"column":9}},"17":{"start":{"line":62,"column":8},"end":{"line":62,"column":15}},"18":{"start":{"line":64,"column":4},"end":{"line":77,"column":5}},"19":{"start":{"line":70,"column":8},"end":{"line":70,"column":14}},"20":{"start":{"line":76,"column":8},"end":{"line":76,"column":14}},"21":{"start":{"line":82,"column":4},"end":{"line":84,"column":9}},"22":{"start":{"line":83,"column":8},"end":{"line":83,"column":15}},"23":{"start":{"line":85,"column":4},"end":{"line":194,"column":5}},"24":{"start":{"line":91,"column":8},"end":{"line":99,"column":10}},"25":{"start":{"line":98,"column":12},"end":{"line":98,"column":35}},"26":{"start":{"line":102,"column":8},"end":{"line":104,"column":63}},"27":{"start":{"line":105,"column":8},"end":{"line":105,"column":14}},"28":{"start":{"line":112,"column":8},"end":{"line":121,"column":10},"skip":true},"29":{"start":{"line":119,"column":12},"end":{"line":119,"column":55},"skip":true},"30":{"start":{"line":120,"column":12},"end":{"line":120,"column":48},"skip":true},"31":{"start":{"line":123,"column":8},"end":{"line":136,"column":10},"skip":true},"32":{"start":{"line":130,"column":12},"end":{"line":130,"column":76},"skip":true},"33":{"start":{"line":131,"column":12},"end":{"line":131,"column":73},"skip":true},"34":{"start":{"line":132,"column":12},"end":{"line":132,"column":74},"skip":true},"35":{"start":{"line":133,"column":12},"end":{"line":133,"column":79},"skip":true},"36":{"start":{"line":134,"column":12},"end":{"line":134,"column":25},"skip":true},"37":{"start":{"line":135,"column":12},"end":{"line":135,"column":45},"skip":true},"38":{"start":{"line":138,"column":8},"end":{"line":145,"column":14},"skip":true},"39":{"start":{"line":143,"column":16},"end":{"line":143,"column":29},"skip":true},"40":{"start":{"line":144,"column":16},"end":{"line":144,"column":55},"skip":true},"41":{"start":{"line":147,"column":8},"end":{"line":156,"column":10},"skip":true},"42":{"start":{"line":154,"column":12},"end":{"line":154,"column":25},"skip":true},"43":{"start":{"line":155,"column":12},"end":{"line":155,"column":45},"skip":true},"44":{"start":{"line":158,"column":8},"end":{"line":167,"column":10},"skip":true},"45":{"start":{"line":165,"column":12},"end":{"line":165,"column":25},"skip":true},"46":{"start":{"line":166,"column":12},"end":{"line":166,"column":48},"skip":true},"47":{"start":{"line":169,"column":8},"end":{"line":178,"column":10},"skip":true},"48":{"start":{"line":176,"column":12},"end":{"line":176,"column":25},"skip":true},"49":{"start":{"line":177,"column":12},"end":{"line":177,"column":46},"skip":true},"50":{"start":{"line":180,"column":8},"end":{"line":189,"column":10},"skip":true},"51":{"start":{"line":187,"column":12},"end":{"line":187,"column":94},"skip":true},"52":{"start":{"line":188,"column":12},"end":{"line":188,"column":48},"skip":true},"53":{"start":{"line":192,"column":8},"end":{"line":192,"column":35},"skip":true},"54":{"start":{"line":193,"column":8},"end":{"line":193,"column":14},"skip":true}},"branchMap":{"1":{"line":25,"type":"binary-expr","locations":[{"start":{"line":25,"column":23},"end":{"line":25,"column":62}},{"start":{"line":26,"column":20},"end":{"line":26,"column":70}},{"start":{"line":27,"column":20},"end":{"line":27,"column":71}},{"start":{"line":28,"column":20},"end":{"line":28,"column":29}}]},"2":{"line":30,"type":"binary-expr","locations":[{"start":{"line":30,"column":23},"end":{"line":30,"column":37}},{"start":{"line":31,"column":20},"end":{"line":31,"column":61}},{"start":{"line":32,"column":20},"end":{"line":32,"column":70}},{"start":{"line":33,"column":20},"end":{"line":33,"column":26}}]},"3":{"line":37,"type":"cond-expr","locations":[{"start":{"line":38,"column":14},"end":{"line":38,"column":20}},{"start":{"line":39,"column":14},"end":{"line":39,"column":20}}]},"4":{"line":40,"type":"switch","locations":[{"start":{"line":42,"column":8},"end":{"line":47,"column":18}},{"start":{"line":49,"column":8},"end":{"line":52,"column":18}}]},"5":{"line":44,"type":"binary-expr","locations":[{"start":{"line":44,"column":16},"end":{"line":44,"column":44}},{"start":{"line":44,"column":48},"end":{"line":44,"column":66}}]},"6":{"line":50,"type":"binary-expr","locations":[{"start":{"line":50,"column":21},"end":{"line":50,"column":49}},{"start":{"line":50,"column":53},"end":{"line":50,"column":72}}]},"7":{"line":64,"type":"switch","locations":[{"start":{"line":69,"column":4},"end":{"line":70,"column":14}},{"start":{"line":75,"column":4},"end":{"line":76,"column":14}}]},"8":{"line":85,"type":"switch","locations":[{"start":{"line":90,"column":4},"end":{"line":105,"column":14}},{"start":{"line":111,"column":4},"end":{"line":193,"column":14},"skip":true}]},"9":{"line":91,"type":"binary-expr","locations":[{"start":{"line":91,"column":42},"end":{"line":91,"column":73}},{"start":{"line":91,"column":77},"end":{"line":99,"column":9}}]},"10":{"line":102,"type":"binary-expr","locations":[{"start":{"line":102,"column":18},"end":{"line":102,"column":32}},{"start":{"line":103,"column":12},"end":{"line":103,"column":53}},{"start":{"line":104,"column":12},"end":{"line":104,"column":61}}]},"11":{"line":112,"type":"binary-expr","locations":[{"start":{"line":112,"column":45},"end":{"line":112,"column":79},"skip":true},{"start":{"line":112,"column":83},"end":{"line":121,"column":9},"skip":true}]},"12":{"line":123,"type":"binary-expr","locations":[{"start":{"line":123,"column":42},"end":{"line":123,"column":73},"skip":true},{"start":{"line":123,"column":77},"end":{"line":136,"column":9},"skip":true}]},"13":{"line":138,"type":"binary-expr","locations":[{"start":{"line":138,"column":48},"end":{"line":138,"column":85},"skip":true},{"start":{"line":139,"column":12},"end":{"line":145,"column":13},"skip":true}]},"14":{"line":147,"type":"binary-expr","locations":[{"start":{"line":147,"column":42},"end":{"line":147,"column":73},"skip":true},{"start":{"line":147,"column":77},"end":{"line":156,"column":9},"skip":true}]},"15":{"line":158,"type":"binary-expr","locations":[{"start":{"line":158,"column":45},"end":{"line":158,"column":79},"skip":true},{"start":{"line":158,"column":83},"end":{"line":167,"column":9},"skip":true}]},"16":{"line":169,"type":"binary-expr","locations":[{"start":{"line":169,"column":43},"end":{"line":169,"column":75},"skip":true},{"start":{"line":169,"column":79},"end":{"line":178,"column":9},"skip":true}]},"17":{"line":180,"type":"binary-expr","locations":[{"start":{"line":180,"column":41},"end":{"line":180,"column":71},"skip":true},{"start":{"line":180,"column":75},"end":{"line":189,"column":9},"skip":true}]}},"code":["/* istanbul instrument in package npmtest_avrgirl_arduino */","/*jslint","    bitwise: true,","    browser: true,","    maxerr: 8,","    maxlen: 96,","    node: true,","    nomen: true,","    regexp: true,","    stupid: true","*/","(function () {","    'use strict';","    var local;","","","","    // run shared js-env code - pre-init","    (function () {","        // init local","        local = {};","        // init modeJs","        local.modeJs = (function () {","            try {","                return typeof navigator.userAgent === 'string' &&","                    typeof document.querySelector('body') === 'object' &&","                    typeof XMLHttpRequest.prototype.open === 'function' &&","                    'browser';","            } catch (errorCaughtBrowser) {","                return module.exports &&","                    typeof process.versions.node === 'string' &&","                    typeof require('http').createServer === 'function' &&","                    'node';","            }","        }());","        // init global","        local.global = local.modeJs === 'browser'","            ? window","            : global;","        switch (local.modeJs) {","        // re-init local from window.local","        case 'browser':","            local = local.global.utility2.objectSetDefault(","                local.global.utility2_rollup || local.global.local,","                local.global.utility2","            );","            break;","        // re-init local from example.js","        case 'node':","            local = (local.global.utility2_rollup || require('utility2'))","                .requireReadme();","            break;","        }","        // export local","        local.global.local = local;","    }());","","","","    // run shared js-env code - function","    (function () {","        return;","    }());","    switch (local.modeJs) {","","","","    // run browser js-env code - function","    case 'browser':","        break;","","","","    // run node js-env code - function","    case 'node':","        break;","    }","","","","    // run shared js-env code - post-init","    (function () {","        return;","    }());","    switch (local.modeJs) {","","","","    // run browser js-env code - post-init","    case 'browser':","        local.testCase_browser_nullCase = local.testCase_browser_nullCase || function (","            options,","            onError","        ) {","        /*","         * this function will test browsers's null-case handling-behavior-behavior","         */","            onError(null, options);","        };","","        // run tests","        local.nop(local.modeTest &&","            document.querySelector('#testRunButton1') &&","            document.querySelector('#testRunButton1').click());","        break;","","","","    // run node js-env code - post-init","    /* istanbul ignore next */","    case 'node':","        local.testCase_buildApidoc_default = local.testCase_buildApidoc_default || function (","            options,","            onError","        ) {","        /*","         * this function will test buildApidoc's default handling-behavior-behavior","         */","            options = { modulePathList: module.paths };","            local.buildApidoc(options, onError);","        };","","        local.testCase_buildApp_default = local.testCase_buildApp_default || function (","            options,","            onError","        ) {","        /*","         * this function will test buildApp's default handling-behavior-behavior","         */","            local.testCase_buildReadme_default(options, local.onErrorThrow);","            local.testCase_buildLib_default(options, local.onErrorThrow);","            local.testCase_buildTest_default(options, local.onErrorThrow);","            local.testCase_buildCustomOrg_default(options, local.onErrorThrow);","            options = [];","            local.buildApp(options, onError);","        };","","        local.testCase_buildCustomOrg_default = local.testCase_buildCustomOrg_default ||","            function (options, onError) {","            /*","             * this function will test buildCustomOrg's default handling-behavior","             */","                options = {};","                local.buildCustomOrg(options, onError);","            };","","        local.testCase_buildLib_default = local.testCase_buildLib_default || function (","            options,","            onError","        ) {","        /*","         * this function will test buildLib's default handling-behavior","         */","            options = {};","            local.buildLib(options, onError);","        };","","        local.testCase_buildReadme_default = local.testCase_buildReadme_default || function (","            options,","            onError","        ) {","        /*","         * this function will test buildReadme's default handling-behavior-behavior","         */","            options = {};","            local.buildReadme(options, onError);","        };","","        local.testCase_buildTest_default = local.testCase_buildTest_default || function (","            options,","            onError","        ) {","        /*","         * this function will test buildTest's default handling-behavior","         */","            options = {};","            local.buildTest(options, onError);","        };","","        local.testCase_webpage_default = local.testCase_webpage_default || function (","            options,","            onError","        ) {","        /*","         * this function will test webpage's default handling-behavior","         */","            options = { modeCoverageMerge: true, url: local.serverLocalHost + '?modeTest=1' };","            local.browserTest(options, onError);","        };","","        // run test-server","        local.testRunServer(local);","        break;","    }","}());",""],"l":{"12":2,"14":2,"19":2,"21":2,"23":2,"24":2,"25":2,"30":1,"37":2,"40":2,"43":1,"47":1,"50":1,"52":1,"55":2,"61":2,"62":2,"64":2,"70":1,"76":1,"82":2,"83":2,"85":2,"91":1,"98":1,"102":1,"105":1,"112":1,"119":1,"120":1,"123":1,"130":1,"131":1,"132":1,"133":1,"134":1,"135":1,"138":1,"143":2,"144":2,"147":1,"154":2,"155":2,"158":1,"165":2,"166":2,"169":1,"176":2,"177":2,"180":1,"187":1,"188":1,"192":1,"193":1}},"/home/travis/build/npmtest/node-npmtest-avrgirl-arduino/lib.npmtest_avrgirl_arduino.js":{"path":"/home/travis/build/npmtest/node-npmtest-avrgirl-arduino/lib.npmtest_avrgirl_arduino.js","s":{"1":2,"2":2,"3":2,"4":2,"5":2,"6":2,"7":2,"8":1,"9":2,"10":2,"11":2,"12":2,"13":1,"14":1,"15":1,"16":1},"b":{"1":[2,1,1,1],"2":[1,1,1,1],"3":[1,1],"4":[2,2],"5":[1,1]},"f":{"1":2,"2":2,"3":2},"fnMap":{"1":{"name":"(anonymous_1)","line":12,"loc":{"start":{"line":12,"column":1},"end":{"line":12,"column":13}}},"2":{"name":"(anonymous_2)","line":19,"loc":{"start":{"line":19,"column":5},"end":{"line":19,"column":17}}},"3":{"name":"(anonymous_3)","line":23,"loc":{"start":{"line":23,"column":24},"end":{"line":23,"column":36}}}},"statementMap":{"1":{"start":{"line":12,"column":0},"end":{"line":53,"column":5}},"2":{"start":{"line":14,"column":4},"end":{"line":14,"column":14}},"3":{"start":{"line":19,"column":4},"end":{"line":52,"column":9}},"4":{"start":{"line":21,"column":8},"end":{"line":21,"column":19}},"5":{"start":{"line":23,"column":8},"end":{"line":35,"column":13}},"6":{"start":{"line":24,"column":12},"end":{"line":34,"column":13}},"7":{"start":{"line":25,"column":16},"end":{"line":28,"column":30}},"8":{"start":{"line":30,"column":16},"end":{"line":33,"column":27}},"9":{"start":{"line":37,"column":8},"end":{"line":39,"column":21}},"10":{"start":{"line":41,"column":8},"end":{"line":41,"column":54}},"11":{"start":{"line":43,"column":8},"end":{"line":43,"column":60}},"12":{"start":{"line":45,"column":8},"end":{"line":51,"column":9}},"13":{"start":{"line":46,"column":12},"end":{"line":46,"column":66}},"14":{"start":{"line":48,"column":12},"end":{"line":48,"column":35}},"15":{"start":{"line":49,"column":12},"end":{"line":49,"column":49}},"16":{"start":{"line":50,"column":12},"end":{"line":50,"column":43}}},"branchMap":{"1":{"line":25,"type":"binary-expr","locations":[{"start":{"line":25,"column":23},"end":{"line":25,"column":62}},{"start":{"line":26,"column":20},"end":{"line":26,"column":70}},{"start":{"line":27,"column":20},"end":{"line":27,"column":71}},{"start":{"line":28,"column":20},"end":{"line":28,"column":29}}]},"2":{"line":30,"type":"binary-expr","locations":[{"start":{"line":30,"column":23},"end":{"line":30,"column":37}},{"start":{"line":31,"column":20},"end":{"line":31,"column":61}},{"start":{"line":32,"column":20},"end":{"line":32,"column":70}},{"start":{"line":33,"column":20},"end":{"line":33,"column":26}}]},"3":{"line":37,"type":"cond-expr","locations":[{"start":{"line":38,"column":14},"end":{"line":38,"column":20}},{"start":{"line":39,"column":14},"end":{"line":39,"column":20}}]},"4":{"line":41,"type":"binary-expr","locations":[{"start":{"line":41,"column":16},"end":{"line":41,"column":44}},{"start":{"line":41,"column":48},"end":{"line":41,"column":53}}]},"5":{"line":45,"type":"if","locations":[{"start":{"line":45,"column":8},"end":{"line":45,"column":8}},{"start":{"line":45,"column":8},"end":{"line":45,"column":8}}]}},"code":["/* istanbul instrument in package npmtest_avrgirl_arduino */","/*jslint","    bitwise: true,","    browser: true,","    maxerr: 8,","    maxlen: 96,","    node: true,","    nomen: true,","    regexp: true,","    stupid: true","*/","(function () {","    'use strict';","    var local;","","","","    // run shared js-env code - pre-init","    (function () {","        // init local","        local = {};","        // init modeJs","        local.modeJs = (function () {","            try {","                return typeof navigator.userAgent === 'string' &&","                    typeof document.querySelector('body') === 'object' &&","                    typeof XMLHttpRequest.prototype.open === 'function' &&","                    'browser';","            } catch (errorCaughtBrowser) {","                return module.exports &&","                    typeof process.versions.node === 'string' &&","                    typeof require('http').createServer === 'function' &&","                    'node';","            }","        }());","        // init global","        local.global = local.modeJs === 'browser'","            ? window","            : global;","        // init utility2_rollup","        local = local.global.utility2_rollup || local;","        // init lib","        local.local = local.npmtest_avrgirl_arduino = local;","        // init exports","        if (local.modeJs === 'browser') {","            local.global.utility2_npmtest_avrgirl_arduino = local;","        } else {","            module.exports = local;","            module.exports.__dirname = __dirname;","            module.exports.module = module;","        }","    }());","}());",""],"l":{"12":2,"14":2,"19":2,"21":2,"23":2,"24":2,"25":2,"30":1,"37":2,"41":2,"43":2,"45":2,"46":1,"48":1,"49":1,"50":1}},"/home/travis/build/npmtest/node-npmtest-avrgirl-arduino/example.js":{"path":"/home/travis/build/npmtest/node-npmtest-avrgirl-arduino/example.js","s":{"1":2,"2":2,"3":2,"4":2,"5":2,"6":2,"7":2,"8":1,"9":2,"10":2,"11":2,"12":2,"13":1,"14":2,"15":2,"16":2,"17":2,"18":2,"19":0,"20":2,"21":1,"22":1,"23":1,"24":1,"25":1,"26":0,"27":0,"28":1,"29":1,"30":2,"31":0,"32":0,"33":0,"34":1,"35":2,"36":2,"37":3,"38":3,"39":3,"40":3,"41":0,"42":3,"43":3,"44":3,"45":1,"46":3,"47":1,"48":1,"49":1,"50":1,"51":1,"52":1,"53":1,"54":1,"55":1,"56":1,"57":0,"58":1,"59":6,"60":6,"61":1,"62":2,"63":0,"64":2,"65":1,"66":1,"67":0,"68":0,"69":0,"70":0,"71":0,"72":0,"73":0,"74":0,"75":0,"76":0,"77":0,"78":0,"79":0,"80":0,"81":0,"82":0,"83":0},"b":{"1":[2,1,1,1],"2":[1,1,1,1],"3":[1,1],"4":[2,2],"5":[1,1],"6":[1,1],"7":[2,0],"8":[2,1,1,1,1,1],"9":[0,2,0],"10":[1,1],"11":[2,1,1],"12":[1,0],"13":[0,2],"14":[2,0,0,0,0,0,0],"15":[0,3],"16":[3,0],"17":[1,1],"18":[0,1],"19":[1,2,0,2],"20":[1,0],"21":[1,1],"22":[0,0],"23":[0,0],"24":[0,0],"25":[0,0],"26":[0,0],"27":[0,0],"28":[0,0]},"f":{"1":2,"2":2,"3":2,"4":2,"5":2,"6":2,"7":3,"8":3,"9":3,"10":1,"11":6,"12":0},"fnMap":{"1":{"name":"(anonymous_1)","line":26,"loc":{"start":{"line":26,"column":1},"end":{"line":26,"column":13}}},"2":{"name":"(anonymous_2)","line":33,"loc":{"start":{"line":33,"column":5},"end":{"line":33,"column":17}}},"3":{"name":"(anonymous_3)","line":37,"loc":{"start":{"line":37,"column":24},"end":{"line":37,"column":36}}},"4":{"name":"(anonymous_4)","line":69,"loc":{"start":{"line":69,"column":31},"end":{"line":69,"column":48}},"skip":true},"5":{"name":"(anonymous_5)","line":78,"loc":{"start":{"line":78,"column":26},"end":{"line":78,"column":45}},"skip":true},"6":{"name":"(anonymous_6)","line":123,"loc":{"start":{"line":123,"column":33},"end":{"line":123,"column":48}},"skip":true},"7":{"name":"(anonymous_7)","line":125,"loc":{"start":{"line":125,"column":27},"end":{"line":125,"column":39}},"skip":true},"8":{"name":"(anonymous_8)","line":133,"loc":{"start":{"line":133,"column":59},"end":{"line":133,"column":74}},"skip":true},"9":{"name":"(anonymous_9)","line":143,"loc":{"start":{"line":143,"column":45},"end":{"line":143,"column":62}},"skip":true},"10":{"name":"(anonymous_10)","line":144,"loc":{"start":{"line":144,"column":73},"end":{"line":144,"column":92}},"skip":true},"11":{"name":"(anonymous_11)","line":272,"loc":{"start":{"line":272,"column":51},"end":{"line":272,"column":77}},"skip":true},"12":{"name":"(anonymous_12)","line":315,"loc":{"start":{"line":315,"column":32},"end":{"line":315,"column":61}},"skip":true}},"statementMap":{"1":{"start":{"line":26,"column":0},"end":{"line":326,"column":5}},"2":{"start":{"line":28,"column":4},"end":{"line":28,"column":14}},"3":{"start":{"line":33,"column":4},"end":{"line":60,"column":9}},"4":{"start":{"line":35,"column":8},"end":{"line":35,"column":19}},"5":{"start":{"line":37,"column":8},"end":{"line":49,"column":13}},"6":{"start":{"line":38,"column":12},"end":{"line":48,"column":13}},"7":{"start":{"line":39,"column":16},"end":{"line":42,"column":30}},"8":{"start":{"line":44,"column":16},"end":{"line":47,"column":27}},"9":{"start":{"line":51,"column":8},"end":{"line":53,"column":21}},"10":{"start":{"line":55,"column":8},"end":{"line":57,"column":45}},"11":{"start":{"line":59,"column":8},"end":{"line":59,"column":35}},"12":{"start":{"line":61,"column":4},"end":{"line":325,"column":5}},"13":{"start":{"line":69,"column":8},"end":{"line":121,"column":10},"skip":true},"14":{"start":{"line":70,"column":12},"end":{"line":88,"column":13},"skip":true},"15":{"start":{"line":76,"column":16},"end":{"line":87,"column":19},"skip":true},"16":{"start":{"line":79,"column":20},"end":{"line":86,"column":21},"skip":true},"17":{"start":{"line":82,"column":24},"end":{"line":82,"column":43},"skip":true},"18":{"start":{"line":83,"column":24},"end":{"line":83,"column":30},"skip":true},"19":{"start":{"line":85,"column":24},"end":{"line":85,"column":49},"skip":true},"20":{"start":{"line":89,"column":12},"end":{"line":107,"column":13},"skip":true},"21":{"start":{"line":92,"column":16},"end":{"line":102,"column":17},"skip":true},"22":{"start":{"line":93,"column":20},"end":{"line":93,"column":86},"skip":true},"23":{"start":{"line":94,"column":20},"end":{"line":95,"column":45},"skip":true},"24":{"start":{"line":96,"column":20},"end":{"line":96,"column":42},"skip":true},"25":{"start":{"line":97,"column":20},"end":{"line":97,"column":48},"skip":true},"26":{"start":{"line":100,"column":20},"end":{"line":100,"column":85},"skip":true},"27":{"start":{"line":101,"column":20},"end":{"line":101,"column":96},"skip":true},"28":{"start":{"line":103,"column":16},"end":{"line":103,"column":22},"skip":true},"29":{"start":{"line":106,"column":16},"end":{"line":106,"column":22},"skip":true},"30":{"start":{"line":108,"column":12},"end":{"line":120,"column":13},"skip":true},"31":{"start":{"line":114,"column":16},"end":{"line":119,"column":17},"skip":true},"32":{"start":{"line":116,"column":20},"end":{"line":116,"column":78},"skip":true},"33":{"start":{"line":118,"column":20},"end":{"line":118,"column":47},"skip":true},"34":{"start":{"line":123,"column":8},"end":{"line":141,"column":11},"skip":true},"35":{"start":{"line":124,"column":12},"end":{"line":124,"column":54},"skip":true},"36":{"start":{"line":125,"column":12},"end":{"line":140,"column":14},"skip":true},"37":{"start":{"line":126,"column":16},"end":{"line":126,"column":28},"skip":true},"38":{"start":{"line":127,"column":16},"end":{"line":127,"column":69},"skip":true},"39":{"start":{"line":128,"column":16},"end":{"line":128,"column":75},"skip":true},"40":{"start":{"line":129,"column":16},"end":{"line":131,"column":17},"skip":true},"41":{"start":{"line":130,"column":20},"end":{"line":130,"column":27},"skip":true},"42":{"start":{"line":133,"column":16},"end":{"line":137,"column":36},"skip":true},"43":{"start":{"line":134,"column":20},"end":{"line":136,"column":55},"skip":true},"44":{"start":{"line":139,"column":16},"end":{"line":139,"column":57},"skip":true},"45":{"start":{"line":143,"column":8},"end":{"line":147,"column":11},"skip":true},"46":{"start":{"line":144,"column":12},"end":{"line":146,"column":15},"skip":true},"47":{"start":{"line":145,"column":16},"end":{"line":145,"column":70},"skip":true},"48":{"start":{"line":149,"column":8},"end":{"line":149,"column":31},"skip":true},"49":{"start":{"line":150,"column":8},"end":{"line":150,"column":14},"skip":true},"50":{"start":{"line":158,"column":8},"end":{"line":158,"column":31},"skip":true},"51":{"start":{"line":160,"column":8},"end":{"line":160,"column":33},"skip":true},"52":{"start":{"line":161,"column":8},"end":{"line":161,"column":37},"skip":true},"53":{"start":{"line":162,"column":8},"end":{"line":162,"column":35},"skip":true},"54":{"start":{"line":164,"column":8},"end":{"line":164,"column":50},"skip":true},"55":{"start":{"line":166,"column":8},"end":{"line":256,"column":2},"skip":true},"56":{"start":{"line":258,"column":8},"end":{"line":286,"column":9},"skip":true},"57":{"start":{"line":259,"column":12},"end":{"line":269,"column":14},"skip":true},"58":{"start":{"line":271,"column":12},"end":{"line":285,"column":19},"skip":true},"59":{"start":{"line":274,"column":20},"end":{"line":274,"column":35},"skip":true},"60":{"start":{"line":275,"column":20},"end":{"line":284,"column":21},"skip":true},"61":{"start":{"line":277,"column":24},"end":{"line":277,"column":64},"skip":true},"62":{"start":{"line":279,"column":24},"end":{"line":279,"column":40},"skip":true},"63":{"start":{"line":281,"column":24},"end":{"line":281,"column":40},"skip":true},"64":{"start":{"line":283,"column":24},"end":{"line":283,"column":39},"skip":true},"65":{"start":{"line":288,"column":8},"end":{"line":290,"column":9},"skip":true},"66":{"start":{"line":289,"column":12},"end":{"line":289,"column":18},"skip":true},"67":{"start":{"line":291,"column":8},"end":{"line":293,"column":54},"skip":true},"68":{"start":{"line":296,"column":8},"end":{"line":301,"column":37},"skip":true},"69":{"start":{"line":303,"column":8},"end":{"line":303,"column":82},"skip":true},"70":{"start":{"line":306,"column":8},"end":{"line":308,"column":9},"skip":true},"71":{"start":{"line":307,"column":12},"end":{"line":307,"column":82},"skip":true},"72":{"start":{"line":310,"column":8},"end":{"line":312,"column":9},"skip":true},"73":{"start":{"line":311,"column":12},"end":{"line":311,"column":18},"skip":true},"74":{"start":{"line":313,"column":8},"end":{"line":313,"column":54},"skip":true},"75":{"start":{"line":314,"column":8},"end":{"line":314,"column":69},"skip":true},"76":{"start":{"line":315,"column":8},"end":{"line":323,"column":36},"skip":true},"77":{"start":{"line":316,"column":12},"end":{"line":316,"column":61},"skip":true},"78":{"start":{"line":317,"column":12},"end":{"line":320,"column":13},"skip":true},"79":{"start":{"line":318,"column":16},"end":{"line":318,"column":75},"skip":true},"80":{"start":{"line":319,"column":16},"end":{"line":319,"column":23},"skip":true},"81":{"start":{"line":321,"column":12},"end":{"line":321,"column":38},"skip":true},"82":{"start":{"line":322,"column":12},"end":{"line":322,"column":27},"skip":true},"83":{"start":{"line":324,"column":8},"end":{"line":324,"column":14},"skip":true}},"branchMap":{"1":{"line":39,"type":"binary-expr","locations":[{"start":{"line":39,"column":23},"end":{"line":39,"column":62}},{"start":{"line":40,"column":20},"end":{"line":40,"column":70}},{"start":{"line":41,"column":20},"end":{"line":41,"column":71}},{"start":{"line":42,"column":20},"end":{"line":42,"column":29}}]},"2":{"line":44,"type":"binary-expr","locations":[{"start":{"line":44,"column":23},"end":{"line":44,"column":37}},{"start":{"line":45,"column":20},"end":{"line":45,"column":61}},{"start":{"line":46,"column":20},"end":{"line":46,"column":70}},{"start":{"line":47,"column":20},"end":{"line":47,"column":26}}]},"3":{"line":51,"type":"cond-expr","locations":[{"start":{"line":52,"column":14},"end":{"line":52,"column":20}},{"start":{"line":53,"column":14},"end":{"line":53,"column":20}}]},"4":{"line":55,"type":"binary-expr","locations":[{"start":{"line":55,"column":16},"end":{"line":55,"column":44}},{"start":{"line":55,"column":49},"end":{"line":57,"column":43}}]},"5":{"line":55,"type":"cond-expr","locations":[{"start":{"line":56,"column":14},"end":{"line":56,"column":59}},{"start":{"line":57,"column":14},"end":{"line":57,"column":43}}]},"6":{"line":61,"type":"switch","locations":[{"start":{"line":68,"column":4},"end":{"line":150,"column":14},"skip":true},{"start":{"line":156,"column":4},"end":{"line":324,"column":14},"skip":true}]},"7":{"line":70,"type":"if","locations":[{"start":{"line":70,"column":12},"end":{"line":70,"column":12},"skip":true},{"start":{"line":70,"column":12},"end":{"line":70,"column":12},"skip":true}]},"8":{"line":70,"type":"binary-expr","locations":[{"start":{"line":70,"column":16},"end":{"line":70,"column":22},"skip":true},{"start":{"line":70,"column":27},"end":{"line":70,"column":32},"skip":true},{"start":{"line":71,"column":20},"end":{"line":71,"column":39},"skip":true},{"start":{"line":72,"column":20},"end":{"line":72,"column":49},"skip":true},{"start":{"line":73,"column":20},"end":{"line":73,"column":58},"skip":true},{"start":{"line":74,"column":20},"end":{"line":74,"column":69},"skip":true}]},"9":{"line":79,"type":"switch","locations":[{"start":{"line":80,"column":20},"end":{"line":80,"column":33},"skip":true},{"start":{"line":81,"column":20},"end":{"line":83,"column":30},"skip":true},{"start":{"line":84,"column":20},"end":{"line":85,"column":49},"skip":true}]},"10":{"line":89,"type":"switch","locations":[{"start":{"line":90,"column":12},"end":{"line":103,"column":22},"skip":true},{"start":{"line":105,"column":12},"end":{"line":106,"column":22},"skip":true}]},"11":{"line":89,"type":"binary-expr","locations":[{"start":{"line":89,"column":20},"end":{"line":89,"column":25},"skip":true},{"start":{"line":89,"column":29},"end":{"line":89,"column":48},"skip":true},{"start":{"line":89,"column":52},"end":{"line":89,"column":74},"skip":true}]},"12":{"line":92,"type":"if","locations":[{"start":{"line":92,"column":16},"end":{"line":92,"column":16},"skip":true},{"start":{"line":92,"column":16},"end":{"line":92,"column":16},"skip":true}]},"13":{"line":108,"type":"if","locations":[{"start":{"line":108,"column":12},"end":{"line":108,"column":12},"skip":true},{"start":{"line":108,"column":12},"end":{"line":108,"column":12},"skip":true}]},"14":{"line":108,"type":"binary-expr","locations":[{"start":{"line":108,"column":16},"end":{"line":108,"column":61},"skip":true},{"start":{"line":108,"column":66},"end":{"line":108,"column":72},"skip":true},{"start":{"line":108,"column":77},"end":{"line":108,"column":82},"skip":true},{"start":{"line":109,"column":20},"end":{"line":109,"column":39},"skip":true},{"start":{"line":110,"column":20},"end":{"line":110,"column":49},"skip":true},{"start":{"line":111,"column":20},"end":{"line":111,"column":58},"skip":true},{"start":{"line":112,"column":20},"end":{"line":112,"column":68},"skip":true}]},"15":{"line":129,"type":"if","locations":[{"start":{"line":129,"column":16},"end":{"line":129,"column":16},"skip":true},{"start":{"line":129,"column":16},"end":{"line":129,"column":16},"skip":true}]},"16":{"line":134,"type":"cond-expr","locations":[{"start":{"line":135,"column":26},"end":{"line":135,"column":29},"skip":true},{"start":{"line":136,"column":26},"end":{"line":136,"column":54},"skip":true}]},"17":{"line":164,"type":"binary-expr","locations":[{"start":{"line":164,"column":27},"end":{"line":164,"column":43},"skip":true},{"start":{"line":164,"column":47},"end":{"line":164,"column":49},"skip":true}]},"18":{"line":258,"type":"if","locations":[{"start":{"line":258,"column":8},"end":{"line":258,"column":8},"skip":true},{"start":{"line":258,"column":8},"end":{"line":258,"column":8},"skip":true}]},"19":{"line":275,"type":"switch","locations":[{"start":{"line":276,"column":20},"end":{"line":277,"column":64},"skip":true},{"start":{"line":278,"column":20},"end":{"line":279,"column":40},"skip":true},{"start":{"line":280,"column":20},"end":{"line":281,"column":40},"skip":true},{"start":{"line":282,"column":20},"end":{"line":283,"column":39},"skip":true}]},"20":{"line":288,"type":"if","locations":[{"start":{"line":288,"column":8},"end":{"line":288,"column":8},"skip":true},{"start":{"line":288,"column":8},"end":{"line":288,"column":8},"skip":true}]},"21":{"line":288,"type":"binary-expr","locations":[{"start":{"line":288,"column":12},"end":{"line":288,"column":40},"skip":true},{"start":{"line":288,"column":44},"end":{"line":288,"column":67},"skip":true}]},"22":{"line":292,"type":"binary-expr","locations":[{"start":{"line":292,"column":12},"end":{"line":292,"column":50},"skip":true},{"start":{"line":293,"column":12},"end":{"line":293,"column":53},"skip":true}]},"23":{"line":297,"type":"binary-expr","locations":[{"start":{"line":297,"column":12},"end":{"line":297,"column":73},"skip":true},{"start":{"line":298,"column":12},"end":{"line":301,"column":36},"skip":true}]},"24":{"line":303,"type":"binary-expr","locations":[{"start":{"line":303,"column":43},"end":{"line":303,"column":75},"skip":true},{"start":{"line":303,"column":79},"end":{"line":303,"column":81},"skip":true}]},"25":{"line":306,"type":"if","locations":[{"start":{"line":306,"column":8},"end":{"line":306,"column":8},"skip":true},{"start":{"line":306,"column":8},"end":{"line":306,"column":8},"skip":true}]},"26":{"line":310,"type":"if","locations":[{"start":{"line":310,"column":8},"end":{"line":310,"column":8},"skip":true},{"start":{"line":310,"column":8},"end":{"line":310,"column":8},"skip":true}]},"27":{"line":313,"type":"binary-expr","locations":[{"start":{"line":313,"column":27},"end":{"line":313,"column":43},"skip":true},{"start":{"line":313,"column":47},"end":{"line":313,"column":53},"skip":true}]},"28":{"line":317,"type":"if","locations":[{"start":{"line":317,"column":12},"end":{"line":317,"column":12},"skip":true},{"start":{"line":317,"column":12},"end":{"line":317,"column":12},"skip":true}]}},"code":["/*","example.js","","quickstart example","","instruction","    1. save this script as example.js","    2. run the shell command:","        $ npm install npmtest-avrgirl-arduino && PORT=8081 node example.js","    3. play with the browser-demo on http://127.0.0.1:8081","*/","","","","/* istanbul instrument in package npmtest_avrgirl_arduino */","/*jslint","    bitwise: true,","    browser: true,","    maxerr: 8,","    maxlen: 96,","    node: true,","    nomen: true,","    regexp: true,","    stupid: true","*/","(function () {","    'use strict';","    var local;","","","","    // run shared js-env code - pre-init","    (function () {","        // init local","        local = {};","        // init modeJs","        local.modeJs = (function () {","            try {","                return typeof navigator.userAgent === 'string' &&","                    typeof document.querySelector('body') === 'object' &&","                    typeof XMLHttpRequest.prototype.open === 'function' &&","                    'browser';","            } catch (errorCaughtBrowser) {","                return module.exports &&","                    typeof process.versions.node === 'string' &&","                    typeof require('http').createServer === 'function' &&","                    'node';","            }","        }());","        // init global","        local.global = local.modeJs === 'browser'","            ? window","            : global;","        // init utility2_rollup","        local = local.global.utility2_rollup || (local.modeJs === 'browser'","            ? local.global.utility2_npmtest_avrgirl_arduino","            : global.utility2_moduleExports);","        // export local","        local.global.local = local;","    }());","    switch (local.modeJs) {","","","","    // post-init","    // run browser js-env code - post-init","    /* istanbul ignore next */","    case 'browser':","        local.testRunBrowser = function (event) {","            if (!event || (event &&","                    event.currentTarget &&","                    event.currentTarget.className &&","                    event.currentTarget.className.includes &&","                    event.currentTarget.className.includes('onreset'))) {","                // reset output","                Array.from(","                    document.querySelectorAll('body > .resettable')","                ).forEach(function (element) {","                    switch (element.tagName) {","                    case 'INPUT':","                    case 'TEXTAREA':","                        element.value = '';","                        break;","                    default:","                        element.textContent = '';","                    }","                });","            }","            switch (event && event.currentTarget && event.currentTarget.id) {","            case 'testRunButton1':","                // show tests","                if (document.querySelector('#testReportDiv1').style.display === 'none') {","                    document.querySelector('#testReportDiv1').style.display = 'block';","                    document.querySelector('#testRunButton1').textContent =","                        'hide internal test';","                    local.modeTest = true;","                    local.testRunDefault(local);","                // hide tests","                } else {","                    document.querySelector('#testReportDiv1').style.display = 'none';","                    document.querySelector('#testRunButton1').textContent = 'run internal test';","                }","                break;","            // custom-case","            default:","                break;","            }","            if (document.querySelector('#inputTextareaEval1') && (!event || (event &&","                    event.currentTarget &&","                    event.currentTarget.className &&","                    event.currentTarget.className.includes &&","                    event.currentTarget.className.includes('oneval')))) {","                // try to eval input-code","                try {","                    /*jslint evil: true*/","                    eval(document.querySelector('#inputTextareaEval1').value);","                } catch (errorCaught) {","                    console.error(errorCaught);","                }","            }","        };","        // log stderr and stdout to #outputTextareaStdout1","        ['error', 'log'].forEach(function (key) {","            console[key + '_original'] = console[key];","            console[key] = function () {","                var element;","                console[key + '_original'].apply(console, arguments);","                element = document.querySelector('#outputTextareaStdout1');","                if (!element) {","                    return;","                }","                // append text to #outputTextareaStdout1","                element.value += Array.from(arguments).map(function (arg) {","                    return typeof arg === 'string'","                        ? arg","                        : JSON.stringify(arg, null, 4);","                }).join(' ') + '\\n';","                // scroll textarea to bottom","                element.scrollTop = element.scrollHeight;","            };","        });","        // init event-handling","        ['change', 'click', 'keyup'].forEach(function (event) {","            Array.from(document.querySelectorAll('.on' + event)).forEach(function (element) {","                element.addEventListener(event, local.testRunBrowser);","            });","        });","        // run tests","        local.testRunBrowser();","        break;","","","","    // run node js-env code - post-init","    /* istanbul ignore next */","    case 'node':","        // export local","        module.exports = local;","        // require modules","        local.fs = require('fs');","        local.http = require('http');","        local.url = require('url');","        // init assets","        local.assetsDict = local.assetsDict || {};","        /* jslint-ignore-begin */","        local.assetsDict['/assets.index.template.html'] = '\\","<!doctype html>\\n\\","<html lang=\"en\">\\n\\","<head>\\n\\","<meta charset=\"UTF-8\">\\n\\","<meta name=\"viewport\" content=\"width=device-width, initial-scale=1\">\\n\\","<title>{{env.npm_package_name}} (v{{env.npm_package_version}})</title>\\n\\","<style>\\n\\","/*csslint\\n\\","    box-sizing: false,\\n\\","    universal-selector: false\\n\\","*/\\n\\","* {\\n\\","    box-sizing: border-box;\\n\\","}\\n\\","body {\\n\\","    background: #dde;\\n\\","    font-family: Arial, Helvetica, sans-serif;\\n\\","    margin: 2rem;\\n\\","}\\n\\","body > * {\\n\\","    margin-bottom: 1rem;\\n\\","}\\n\\",".utility2FooterDiv {\\n\\","    margin-top: 20px;\\n\\","    text-align: center;\\n\\","}\\n\\","</style>\\n\\","<style>\\n\\","/*csslint\\n\\","*/\\n\\","textarea {\\n\\","    font-family: monospace;\\n\\","    height: 10rem;\\n\\","    width: 100%;\\n\\","}\\n\\","textarea[readonly] {\\n\\","    background: #ddd;\\n\\","}\\n\\","</style>\\n\\","</head>\\n\\","<body>\\n\\","<!-- utility2-comment\\n\\","<div id=\"ajaxProgressDiv1\" style=\"background: #d00; height: 2px; left: 0; margin: 0; padding: 0; position: fixed; top: 0; transition: background 0.5s, width 1.5s; width: 25%;\"></div>\\n\\","utility2-comment -->\\n\\","<h1>\\n\\","<!-- utility2-comment\\n\\","    <a\\n\\","        {{#if env.npm_package_homepage}}\\n\\","        href=\"{{env.npm_package_homepage}}\"\\n\\","        {{/if env.npm_package_homepage}}\\n\\","        target=\"_blank\"\\n\\","    >\\n\\","utility2-comment -->\\n\\","        {{env.npm_package_name}} (v{{env.npm_package_version}})\\n\\","<!-- utility2-comment\\n\\","    </a>\\n\\","utility2-comment -->\\n\\","</h1>\\n\\","<h3>{{env.npm_package_description}}</h3>\\n\\","<!-- utility2-comment\\n\\","<h4><a download href=\"assets.app.js\">download standalone app</a></h4>\\n\\","<button class=\"onclick onreset\" id=\"testRunButton1\">run internal test</button><br>\\n\\","<div id=\"testReportDiv1\" style=\"display: none;\"></div>\\n\\","utility2-comment -->\\n\\","\\n\\","\\n\\","\\n\\","<label>stderr and stdout</label>\\n\\","<textarea class=\"resettable\" id=\"outputTextareaStdout1\" readonly></textarea>\\n\\","<!-- utility2-comment\\n\\","{{#if isRollup}}\\n\\","<script src=\"assets.app.js\"></script>\\n\\","{{#unless isRollup}}\\n\\","utility2-comment -->\\n\\","<script src=\"assets.utility2.rollup.js\"></script>\\n\\","<script src=\"jsonp.utility2._stateInit?callback=window.utility2._stateInit\"></script>\\n\\","<script src=\"assets.npmtest_avrgirl_arduino.rollup.js\"></script>\\n\\","<script src=\"assets.example.js\"></script>\\n\\","<script src=\"assets.test.js\"></script>\\n\\","<!-- utility2-comment\\n\\","{{/if isRollup}}\\n\\","utility2-comment -->\\n\\","<div class=\"utility2FooterDiv\">\\n\\","    [ this app was created with\\n\\","    <a href=\"https://github.com/kaizhu256/node-utility2\" target=\"_blank\">utility2</a>\\n\\","    ]\\n\\","</div>\\n\\","</body>\\n\\","</html>\\n\\","';","        /* jslint-ignore-end */","        if (local.templateRender) {","            local.assetsDict['/'] = local.templateRender(","                local.assetsDict['/assets.index.template.html'],","                {","                    env: local.objectSetDefault(local.env, {","                        npm_package_description: 'the greatest app in the world!',","                        npm_package_name: 'my-app',","                        npm_package_nameAlias: 'my_app',","                        npm_package_version: '0.0.1'","                    })","                }","            );","        } else {","            local.assetsDict['/'] = local.assetsDict['/assets.index.template.html']","                .replace((/\\{\\{env\\.(\\w+?)\\}\\}/g), function (match0, match1) {","                    // jslint-hack","                    String(match0);","                    switch (match1) {","                    case 'npm_package_description':","                        return 'the greatest app in the world!';","                    case 'npm_package_name':","                        return 'my-app';","                    case 'npm_package_nameAlias':","                        return 'my_app';","                    case 'npm_package_version':","                        return '0.0.1';","                    }","                });","        }","        // run the cli","        if (local.global.utility2_rollup || module !== require.main) {","            break;","        }","        local.assetsDict['/assets.example.js'] =","            local.assetsDict['/assets.example.js'] ||","            local.fs.readFileSync(__filename, 'utf8');","        // bug-workaround - long $npm_package_buildCustomOrg","        /* jslint-ignore-begin */","        local.assetsDict['/assets.npmtest_avrgirl_arduino.rollup.js'] =","            local.assetsDict['/assets.npmtest_avrgirl_arduino.rollup.js'] ||","            local.fs.readFileSync(","                local.npmtest_avrgirl_arduino.__dirname + '/lib.npmtest_avrgirl_arduino.js',","                'utf8'","            ).replace((/^#!/), '//');","        /* jslint-ignore-end */","        local.assetsDict['/favicon.ico'] = local.assetsDict['/favicon.ico'] || '';","        // if $npm_config_timeout_exit exists,","        // then exit this process after $npm_config_timeout_exit ms","        if (Number(process.env.npm_config_timeout_exit)) {","            setTimeout(process.exit, Number(process.env.npm_config_timeout_exit));","        }","        // start server","        if (local.global.utility2_serverHttp1) {","            break;","        }","        process.env.PORT = process.env.PORT || '8081';","        console.error('server starting on port ' + process.env.PORT);","        local.http.createServer(function (request, response) {","            request.urlParsed = local.url.parse(request.url);","            if (local.assetsDict[request.urlParsed.pathname] !== undefined) {","                response.end(local.assetsDict[request.urlParsed.pathname]);","                return;","            }","            response.statusCode = 404;","            response.end();","        }).listen(process.env.PORT);","        break;","    }","}());",""],"l":{"26":2,"28":2,"33":2,"35":2,"37":2,"38":2,"39":2,"44":1,"51":2,"55":2,"59":2,"61":2,"69":1,"70":2,"76":2,"79":2,"82":2,"83":2,"85":1,"89":2,"92":1,"93":1,"94":1,"96":1,"97":1,"100":1,"101":1,"103":1,"106":1,"108":2,"114":1,"116":1,"118":1,"123":1,"124":2,"125":2,"126":3,"127":3,"128":3,"129":3,"130":1,"133":3,"134":3,"139":3,"143":1,"144":3,"145":1,"149":1,"150":1,"158":1,"160":1,"161":1,"162":1,"164":1,"166":1,"258":1,"259":1,"271":1,"274":6,"275":6,"277":1,"279":2,"281":1,"283":2,"288":1,"289":1,"291":1,"296":1,"303":1,"306":1,"307":1,"310":1,"311":1,"313":1,"314":1,"315":1,"316":1,"317":1,"318":1,"319":1,"321":1,"322":1,"324":1}},"/home/travis/build/npmtest/node-npmtest-avrgirl-arduino/node_modules/avrgirl-arduino/avrgirl-arduino.js":{"path":"/home/travis/build/npmtest/node-npmtest-avrgirl-arduino/node_modules/avrgirl-arduino/avrgirl-arduino.js","s":{"1":1,"2":1,"3":1,"4":1,"5":0,"6":0,"7":0,"8":0,"9":0,"10":0,"11":0,"12":0,"13":0,"14":0,"15":0,"16":0,"17":0,"18":0,"19":0,"20":1,"21":0,"22":0,"23":0,"24":0,"25":0,"26":0,"27":0,"28":0,"29":1,"30":0,"31":0,"32":0,"33":0,"34":0,"35":0,"36":0,"37":0,"38":1,"39":0,"40":1},"b":{"1":[0,0],"2":[0,0],"3":[0,0],"4":[0,0],"5":[0,0],"6":[0,0],"7":[0,0],"8":[0,0],"9":[0,0],"10":[0,0],"11":[0,0],"12":[0,0],"13":[0,0],"14":[0,0],"15":[0,0],"16":[0,0]},"f":{"1":0,"2":0,"3":0,"4":0,"5":0,"6":0,"7":0,"8":0},"fnMap":{"1":{"name":"(anonymous_1)","line":10,"loc":{"start":{"line":10,"column":21},"end":{"line":10,"column":36}}},"2":{"name":"(anonymous_2)","line":28,"loc":{"start":{"line":28,"column":17},"end":{"line":28,"column":28}}},"3":{"name":"(anonymous_3)","line":40,"loc":{"start":{"line":40,"column":61},"end":{"line":40,"column":72}}},"4":{"name":"(anonymous_4)","line":55,"loc":{"start":{"line":55,"column":42},"end":{"line":55,"column":61}}},"5":{"name":"(anonymous_5)","line":81,"loc":{"start":{"line":81,"column":33},"end":{"line":81,"column":58}}},"6":{"name":"(anonymous_6)","line":85,"loc":{"start":{"line":85,"column":23},"end":{"line":85,"column":39}}},"7":{"name":"(anonymous_7)","line":89,"loc":{"start":{"line":89,"column":27},"end":{"line":89,"column":43}}},"8":{"name":"(anonymous_8)","line":105,"loc":{"start":{"line":105,"column":54},"end":{"line":105,"column":73}}}},"statementMap":{"1":{"start":{"line":1,"column":0},"end":{"line":1,"column":33}},"2":{"start":{"line":2,"column":0},"end":{"line":2,"column":45}},"3":{"start":{"line":3,"column":0},"end":{"line":3,"column":43}},"4":{"start":{"line":10,"column":0},"end":{"line":48,"column":2}},"5":{"start":{"line":11,"column":2},"end":{"line":11,"column":20}},"6":{"start":{"line":13,"column":2},"end":{"line":17,"column":4}},"7":{"start":{"line":23,"column":2},"end":{"line":29,"column":3}},"8":{"start":{"line":24,"column":4},"end":{"line":24,"column":43}},"9":{"start":{"line":25,"column":9},"end":{"line":29,"column":3}},"10":{"start":{"line":26,"column":4},"end":{"line":26,"column":36}},"11":{"start":{"line":28,"column":4},"end":{"line":28,"column":31}},"12":{"start":{"line":31,"column":2},"end":{"line":35,"column":3}},"13":{"start":{"line":32,"column":4},"end":{"line":32,"column":59}},"14":{"start":{"line":33,"column":9},"end":{"line":35,"column":3}},"15":{"start":{"line":34,"column":4},"end":{"line":34,"column":44}},"16":{"start":{"line":37,"column":2},"end":{"line":37,"column":49}},"17":{"start":{"line":39,"column":2},"end":{"line":47,"column":3}},"18":{"start":{"line":40,"column":4},"end":{"line":40,"column":75}},"19":{"start":{"line":42,"column":4},"end":{"line":46,"column":7}},"20":{"start":{"line":55,"column":0},"end":{"line":73,"column":2}},"21":{"start":{"line":56,"column":2},"end":{"line":72,"column":3}},"22":{"start":{"line":58,"column":4},"end":{"line":58,"column":94}},"23":{"start":{"line":60,"column":9},"end":{"line":72,"column":3}},"24":{"start":{"line":62,"column":4},"end":{"line":62,"column":90}},"25":{"start":{"line":63,"column":4},"end":{"line":63,"column":41}},"26":{"start":{"line":65,"column":9},"end":{"line":72,"column":3}},"27":{"start":{"line":67,"column":4},"end":{"line":67,"column":93}},"28":{"start":{"line":71,"column":4},"end":{"line":71,"column":26}},"29":{"start":{"line":81,"column":0},"end":{"line":96,"column":2}},"30":{"start":{"line":82,"column":2},"end":{"line":82,"column":19}},"31":{"start":{"line":85,"column":2},"end":{"line":95,"column":5}},"32":{"start":{"line":86,"column":4},"end":{"line":86,"column":42}},"33":{"start":{"line":86,"column":17},"end":{"line":86,"column":40}},"34":{"start":{"line":89,"column":4},"end":{"line":94,"column":7}},"35":{"start":{"line":90,"column":6},"end":{"line":90,"column":44}},"36":{"start":{"line":90,"column":19},"end":{"line":90,"column":42}},"37":{"start":{"line":93,"column":6},"end":{"line":93,"column":45}},"38":{"start":{"line":104,"column":0},"end":{"line":107,"column":2}},"39":{"start":{"line":106,"column":2},"end":{"line":106,"column":51}},"40":{"start":{"line":109,"column":0},"end":{"line":109,"column":32}}},"branchMap":{"1":{"line":11,"type":"binary-expr","locations":[{"start":{"line":11,"column":9},"end":{"line":11,"column":13}},{"start":{"line":11,"column":17},"end":{"line":11,"column":19}}]},"2":{"line":14,"type":"binary-expr","locations":[{"start":{"line":14,"column":11},"end":{"line":14,"column":21}},{"start":{"line":14,"column":25},"end":{"line":14,"column":30}}]},"3":{"line":15,"type":"binary-expr","locations":[{"start":{"line":15,"column":11},"end":{"line":15,"column":21}},{"start":{"line":15,"column":25},"end":{"line":15,"column":30}}]},"4":{"line":16,"type":"binary-expr","locations":[{"start":{"line":16,"column":10},"end":{"line":16,"column":19}},{"start":{"line":16,"column":23},"end":{"line":16,"column":25}}]},"5":{"line":23,"type":"if","locations":[{"start":{"line":23,"column":2},"end":{"line":23,"column":2}},{"start":{"line":23,"column":2},"end":{"line":23,"column":2}}]},"6":{"line":25,"type":"if","locations":[{"start":{"line":25,"column":9},"end":{"line":25,"column":9}},{"start":{"line":25,"column":9},"end":{"line":25,"column":9}}]},"7":{"line":31,"type":"if","locations":[{"start":{"line":31,"column":2},"end":{"line":31,"column":2}},{"start":{"line":31,"column":2},"end":{"line":31,"column":2}}]},"8":{"line":33,"type":"if","locations":[{"start":{"line":33,"column":9},"end":{"line":33,"column":9}},{"start":{"line":33,"column":9},"end":{"line":33,"column":9}}]},"9":{"line":39,"type":"if","locations":[{"start":{"line":39,"column":2},"end":{"line":39,"column":2}},{"start":{"line":39,"column":2},"end":{"line":39,"column":2}}]},"10":{"line":40,"type":"binary-expr","locations":[{"start":{"line":40,"column":19},"end":{"line":40,"column":57}},{"start":{"line":40,"column":61},"end":{"line":40,"column":74}}]},"11":{"line":56,"type":"if","locations":[{"start":{"line":56,"column":2},"end":{"line":56,"column":2}},{"start":{"line":56,"column":2},"end":{"line":56,"column":2}}]},"12":{"line":60,"type":"if","locations":[{"start":{"line":60,"column":9},"end":{"line":60,"column":9}},{"start":{"line":60,"column":9},"end":{"line":60,"column":9}}]},"13":{"line":65,"type":"if","locations":[{"start":{"line":65,"column":9},"end":{"line":65,"column":9}},{"start":{"line":65,"column":9},"end":{"line":65,"column":9}}]},"14":{"line":65,"type":"binary-expr","locations":[{"start":{"line":65,"column":13},"end":{"line":65,"column":31}},{"start":{"line":65,"column":35},"end":{"line":65,"column":73}}]},"15":{"line":86,"type":"if","locations":[{"start":{"line":86,"column":4},"end":{"line":86,"column":4}},{"start":{"line":86,"column":4},"end":{"line":86,"column":4}}]},"16":{"line":90,"type":"if","locations":[{"start":{"line":90,"column":6},"end":{"line":90,"column":6}},{"start":{"line":90,"column":6},"end":{"line":90,"column":6}}]}},"code":["var boards = require('./boards');","var Connection = require('./lib/connection');","var protocols = require('./lib/protocols');","","/**"," * Constructor"," *"," * @param {object} opts - options for consumer to pass in"," */","var AvrgirlArduino = function(opts) {","  opts = opts || {};","","  this.options = {","    debug: opts.debug || false,","    board: opts.board || 'uno',","    port: opts.port || ''","  };","","  // this here checks for 3 conditions:","  // if debug option is simply true, we want to fall back to default debug function","  // if a custom debug function is passed in, we want to assign debug to be that","  // if debug option is false, then run debug as a no-op","  if (this.options.debug === true) {","    this.debug = console.log.bind(console);","  } else if (typeof this.options.debug === 'function') {","    this.debug = this.options.debug;","  } else {","    this.debug = function() {};","  }","","  if (typeof this.options.board === 'string') {","    this.options.board = boards.byName[this.options.board];","  } else if (typeof this.options.board === 'object') {","    this.options.board = this.options.board;","  }","","  this.connection = new Connection(this.options);","","  if (this.options.board) {","    var Protocol = protocols[this.options.board.protocol] || function() {};","","    this.protocol = new Protocol({","      board: this.options.board,","      connection: this.connection,","      debug: this.debug","    });","  }","};","","/**"," * Validates the board properties"," *"," * @param {function} callback - function to run upon completion/error"," */","AvrgirlArduino.prototype._validateBoard = function(callback) {","  if (typeof this.options.board !== 'object') {","    // cannot find a matching board in supported list","    return callback(new Error('\"' + this.options.board + '\" is not a supported board type.'));","","  } else if (!this.protocol.chip) {","    // something went wrong trying to set up the protocol","    var errorMsg = 'not a supported programming protocol: ' + this.options.board.protocol;","    return callback(new Error(errorMsg));","","  } else if (!this.options.port && this.options.board.name === 'pro-mini') {","    // when using a pro mini, a port is required in the options","    return callback(new Error('using a pro-mini, please specify the port in your options.'));","","  } else {","    // all good","    return callback(null);","  }","};","","/**"," * Public method for flashing a hex file to the main program allocation of the Arduino"," *"," * @param {string} file - path to hex file for uploading"," * @param {function} callback - function to run upon completion/error"," */","AvrgirlArduino.prototype.flash = function(file, callback) {","  var _this = this;","","  // validate board properties first","  _this._validateBoard(function(error) {","    if (error) { return callback(error); }","","    // set up serialport connection","    _this.connection._init(function(error) {","      if (error) { return callback(error); }","","      // upload file to board","      _this.protocol._upload(file, callback);","    });","  });","};","","/**"," * Return a list of devices on serial ports. In addition to the output provided"," * by SerialPort.list, it adds a platform independent PID in _pid"," *"," * @param {function} callback - function to run upon completion/error"," */","AvrgirlArduino.prototype.listPorts = AvrgirlArduino.listPorts =","AvrgirlArduino.prototype.list = AvrgirlArduino.list = function(callback) {","  return Connection.prototype._listPorts(callback);","};","","module.exports = AvrgirlArduino;",""],"l":{"1":1,"2":1,"3":1,"10":1,"11":0,"13":0,"23":0,"24":0,"25":0,"26":0,"28":0,"31":0,"32":0,"33":0,"34":0,"37":0,"39":0,"40":0,"42":0,"55":1,"56":0,"58":0,"60":0,"62":0,"63":0,"65":0,"67":0,"71":0,"81":1,"82":0,"85":0,"86":0,"89":0,"90":0,"93":0,"104":1,"106":0,"109":1}},"/home/travis/build/npmtest/node-npmtest-avrgirl-arduino/node_modules/avrgirl-arduino/boards.js":{"path":"/home/travis/build/npmtest/node-npmtest-avrgirl-arduino/node_modules/avrgirl-arduino/boards.js","s":{"1":1,"2":1,"3":1,"4":1,"5":20,"6":20,"7":1,"8":1},"b":{},"f":{"1":1},"fnMap":{"1":{"name":"boardLookupTable","line":195,"loc":{"start":{"line":195,"column":0},"end":{"line":195,"column":28}}}},"statementMap":{"1":{"start":{"line":1,"column":0},"end":{"line":189,"column":2}},"2":{"start":{"line":195,"column":0},"end":{"line":202,"column":1}},"3":{"start":{"line":196,"column":2},"end":{"line":196,"column":19}},"4":{"start":{"line":197,"column":2},"end":{"line":200,"column":3}},"5":{"start":{"line":198,"column":4},"end":{"line":198,"column":33}},"6":{"start":{"line":199,"column":4},"end":{"line":199,"column":46}},"7":{"start":{"line":201,"column":2},"end":{"line":201,"column":17}},"8":{"start":{"line":204,"column":0},"end":{"line":206,"column":1}}},"branchMap":{},"code":["var boards = [","  {","    name: 'uno',","    baud: 115200,","    signature: new Buffer([0x1e, 0x95, 0x0f]),","    pageSize: 128,","    numPages: 256,","    timeout: 400,","    productId: ['0x0043', '0x7523', '0x0001', '0xea60'],","    protocol: 'stk500v1'","  },","  {","    name: 'micro',","    baud: 57600,","    signature: new Buffer([0x43, 0x41, 0x54, 0x45, 0x52, 0x49, 0x4e]),","    productId: ['0x0037', '0x8037', '0x0036', '0x0237'],","    protocol: 'avr109'","  },","  {","    name: 'imuduino',","    baud: 57600,","    signature: new Buffer([0x43, 0x41, 0x54, 0x45, 0x52, 0x49, 0x4e]),","    productId: ['0x0036', '0x8037', '0x8036'],","    protocol: 'avr109'","  },","  {","    name: 'leonardo',","    baud: 57600,","    signature: new Buffer([0x43, 0x41, 0x54, 0x45, 0x52, 0x49, 0x4e]),","    productId: ['0x0036', '0x8036', '0x800c'],","    protocol: 'avr109'","  },","  {","    name: 'arduboy',","    baud: 57600,","    signature: new Buffer([0x43, 0x41, 0x54, 0x45, 0x52, 0x49, 0x4e]),","    productId: ['0x0036', '0x8036', '0x800c'],","    protocol: 'avr109'","  },","  {","    name: 'feather',","    baud: 57600,","    signature: new Buffer([0x43, 0x41, 0x54, 0x45, 0x52, 0x49, 0x4e]),","    productId: ['0x800c', '0x000c'],","    protocol: 'avr109'","  },","  {","    name: 'little-bits',","    baud: 57600,","    signature: new Buffer([0x43, 0x41, 0x54, 0x45, 0x52, 0x49, 0x4e]),","    productId: ['0x0036', '0x8036'],","    protocol: 'avr109'","  },","  {","    name: 'blend-micro',","    baud: 57600,","    signature: new Buffer([0x43, 0x41, 0x54, 0x45, 0x52, 0x49, 0x4e]),","    productId: ['0x2404'],","    protocol: 'avr109'","  },","  {","    name: 'nano',","    baud: 57600,","    signature: new Buffer([0x1e, 0x95, 0x0f]),","    pageSize: 128,","    numPages: 256,","    timeout: 400,","    productId: ['0x6001', '0x7523'],","    protocol: 'stk500v1'","  },","  {","    name: 'duemilanove168',","    baud: 19200,","    signature: new Buffer([0x1e, 0x94, 0x06]),","    pageSize: 128,","    numPages: 128,","    timeout: 400,","    productId: ['0x6001'],","    protocol: 'stk500v1'","  },","  {","    name: 'tinduino',","    baud: 57600,","    signature: new Buffer([0x1e, 0x95, 0x0f]),","    pageSize: 128,","    numPages: 256,","    timeout: 400,","    productId: ['0x6015'],","    protocol: 'stk500v1'","  },","  {","    name: 'bqZum',","    baud: 19200,","    signature: new Buffer([0x1e, 0x95, 0x0f]),","    pageSize: 128,","    numPages: 256,","    timeout: 400,","    productId: ['0x6001', '0x7523'],","    protocol: 'stk500v1'","  },","  {","    name: 'mega',","    baud: 115200,","    signature: new Buffer([0x1e, 0x98, 0x01]), // ATmega2560","    pageSize: 256,","    delay1: 10,","    delay2: 1,","    timeout:0xc8,","    stabDelay:0x64,","    cmdexeDelay:0x19,","    synchLoops:0x20,","    byteDelay:0x00,","    pollValue:0x53,","    pollIndex:0x03,","    productId: ['0x0042', '0x6001', '0x0010', '0x7523'],","    protocol: 'stk500v2'","  },","  {","    name: 'adk',","    baud: 115200,","    signature: new Buffer([0x1e, 0x98, 0x01]), // ATmega2560","    pageSize: 256,","    delay1: 10,","    delay2: 1,","    timeout:0xc8,","    stabDelay:0x64,","    cmdexeDelay:0x19,","    synchLoops:0x20,","    byteDelay:0x00,","    pollValue:0x53,","    pollIndex:0x03,","    productId: ['0x0044', '0x6001', '0x003F'],","    protocol: 'stk500v2'","  },","  {","    name: 'sf-pro-micro',","    baud: 57600,","    signature: new Buffer([0x43, 0x41, 0x54, 0x45, 0x52, 0x49, 0x4e]),","    productId: ['0x9206'],","    protocol: 'avr109'","  },","  {","    name: 'pro-mini',","    baud: 57600,","    signature: new Buffer([0x1e, 0x95, 0x0f]),","    pageSize: 128,","    numPages: 256,","    timeout: 400,","    protocol: 'stk500v1'","  },","  {","    name: 'qduino',","    baud: 57600,","    signature: new Buffer([0x43, 0x41, 0x54, 0x45, 0x52, 0x49, 0x4e]),","    productId: ['0x516d'],","    protocol: 'avr109'","  },","  {","    name: 'pinoccio',","    baud: 115200,","    signature: new Buffer([0x1e, 0xa8, 0x02]), // ATmega256RFR2","    pageSize: 256,","    delay1: 10,","    delay2: 1,","    timeout:0xc8,","    stabDelay:0x64,","    cmdexeDelay:0x19,","    synchLoops:0x20,","    byteDelay:0x00,","    pollValue:0x53,","    pollIndex:0x03,","    productId: ['0x6051'],","    protocol: 'stk500v2'","  },","  {","    name: 'lilypad-usb',","    baud: 57600,","    signature: new Buffer([0x43, 0x41, 0x54, 0x45, 0x52, 0x49, 0x4e]),","    productId: ['0x9207', '0x9208', '0x1B4F'],","    protocol: 'avr109'","  },","  {","    name: 'yun',","    baud: 57600,","    signature: new Buffer([0x43, 0x41, 0x54, 0x45, 0x52, 0x49, 0x4e]),","    productId: ['0x0041', '0x8041'],","    protocol: 'avr109'","  },","];","","/**"," * Generate an object with board name keys for faster lookup"," * @return {object} byBoardName"," */","function boardLookupTable() {","  var byBoard = {};","  for (var i = 0; i < boards.length; i++) {","    var currentBoard = boards[i];","    byBoard[currentBoard.name] = currentBoard;","  }","  return byBoard;","}","","module.exports = {","  byName: boardLookupTable()","}",""],"l":{"1":1,"195":1,"196":1,"197":1,"198":20,"199":20,"201":1,"204":1}},"/home/travis/build/npmtest/node-npmtest-avrgirl-arduino/node_modules/avrgirl-arduino/lib/connection.js":{"path":"/home/travis/build/npmtest/node-npmtest-avrgirl-arduino/node_modules/avrgirl-arduino/lib/connection.js","s":{"1":1,"2":1,"3":1,"4":1,"5":0,"6":0,"7":0,"8":1,"9":0,"10":0,"11":0,"12":0,"13":0,"14":0,"15":0,"16":0,"17":0,"18":0,"19":0,"20":1,"21":0,"22":0,"23":1,"24":0,"25":0,"26":0,"27":0,"28":0,"29":0,"30":0,"31":1,"32":0,"33":0,"34":0,"35":0,"36":0,"37":0,"38":0,"39":1,"40":0,"41":0,"42":0,"43":0,"44":0,"45":0,"46":0,"47":0,"48":0,"49":0,"50":0,"51":0,"52":0,"53":0,"54":1,"55":0,"56":0,"57":0,"58":0,"59":0,"60":0,"61":0,"62":0,"63":0,"64":0,"65":1,"66":0,"67":0,"68":0,"69":1,"70":0,"71":0,"72":0,"73":0,"74":0,"75":0,"76":0,"77":0,"78":0,"79":0,"80":0,"81":0,"82":0,"83":0,"84":0,"85":0,"86":1},"b":{"1":[0,0],"2":[0,0],"3":[0,0],"4":[0,0],"5":[0,0],"6":[0,0],"7":[0,0],"8":[0,0],"9":[0,0],"10":[0,0]},"f":{"1":0,"2":0,"3":0,"4":0,"5":0,"6":0,"7":0,"8":0,"9":0,"10":0,"11":0,"12":0,"13":0,"14":0,"15":0,"16":0,"17":0,"18":0,"19":0,"20":0,"21":0,"22":0,"23":0,"24":0,"25":0,"26":0,"27":0},"fnMap":{"1":{"name":"(anonymous_1)","line":5,"loc":{"start":{"line":5,"column":17},"end":{"line":5,"column":35}}},"2":{"name":"(anonymous_2)","line":7,"loc":{"start":{"line":7,"column":64},"end":{"line":7,"column":75}}},"3":{"name":"(anonymous_3)","line":12,"loc":{"start":{"line":12,"column":29},"end":{"line":12,"column":48}}},"4":{"name":"(anonymous_4)","line":18,"loc":{"start":{"line":18,"column":21},"end":{"line":18,"column":43}}},"5":{"name":"(anonymous_5)","line":26,"loc":{"start":{"line":26,"column":27},"end":{"line":26,"column":43}}},"6":{"name":"(anonymous_6)","line":37,"loc":{"start":{"line":37,"column":23},"end":{"line":37,"column":39}}},"7":{"name":"(anonymous_7)","line":46,"loc":{"start":{"line":46,"column":36},"end":{"line":46,"column":55}}},"8":{"name":"(anonymous_8)","line":60,"loc":{"start":{"line":60,"column":34},"end":{"line":60,"column":53}}},"9":{"name":"(anonymous_9)","line":62,"loc":{"start":{"line":62,"column":42},"end":{"line":62,"column":55}}},"10":{"name":"(anonymous_10)","line":66,"loc":{"start":{"line":66,"column":19},"end":{"line":66,"column":42}}},"11":{"name":"(anonymous_11)","line":68,"loc":{"start":{"line":68,"column":33},"end":{"line":68,"column":45}}},"12":{"name":"(anonymous_12)","line":83,"loc":{"start":{"line":83,"column":31},"end":{"line":83,"column":65}}},"13":{"name":"(anonymous_13)","line":90,"loc":{"start":{"line":90,"column":30},"end":{"line":90,"column":46}}},"14":{"name":"(anonymous_14)","line":93,"loc":{"start":{"line":93,"column":15},"end":{"line":93,"column":26}}},"15":{"name":"(anonymous_15)","line":104,"loc":{"start":{"line":104,"column":36},"end":{"line":104,"column":55}}},"16":{"name":"(anonymous_16)","line":107,"loc":{"start":{"line":107,"column":18},"end":{"line":107,"column":33}}},"17":{"name":"(anonymous_17)","line":111,"loc":{"start":{"line":111,"column":21},"end":{"line":111,"column":43}}},"18":{"name":"(anonymous_18)","line":124,"loc":{"start":{"line":124,"column":7},"end":{"line":124,"column":27}}},"19":{"name":"(anonymous_19)","line":127,"loc":{"start":{"line":127,"column":25},"end":{"line":127,"column":41}}},"20":{"name":"(anonymous_20)","line":137,"loc":{"start":{"line":137,"column":36},"end":{"line":137,"column":55}}},"21":{"name":"(anonymous_21)","line":140,"loc":{"start":{"line":140,"column":18},"end":{"line":140,"column":33}}},"22":{"name":"(anonymous_22)","line":141,"loc":{"start":{"line":141,"column":26},"end":{"line":141,"column":42}}},"23":{"name":"(anonymous_23)","line":148,"loc":{"start":{"line":148,"column":7},"end":{"line":148,"column":24}}},"24":{"name":"(anonymous_24)","line":163,"loc":{"start":{"line":163,"column":33},"end":{"line":163,"column":52}}},"25":{"name":"(anonymous_25)","line":170,"loc":{"start":{"line":170,"column":2},"end":{"line":170,"column":18}}},"26":{"name":"(anonymous_26)","line":182,"loc":{"start":{"line":182,"column":34},"end":{"line":182,"column":53}}},"27":{"name":"(anonymous_27)","line":186,"loc":{"start":{"line":186,"column":18},"end":{"line":186,"column":39}}}},"statementMap":{"1":{"start":{"line":1,"column":0},"end":{"line":1,"column":39}},"2":{"start":{"line":2,"column":0},"end":{"line":2,"column":29}},"3":{"start":{"line":3,"column":0},"end":{"line":3,"column":27}},"4":{"start":{"line":5,"column":0},"end":{"line":10,"column":2}},"5":{"start":{"line":6,"column":2},"end":{"line":6,"column":25}},"6":{"start":{"line":7,"column":2},"end":{"line":7,"column":78}},"7":{"start":{"line":9,"column":2},"end":{"line":9,"column":34}},"8":{"start":{"line":12,"column":0},"end":{"line":41,"column":2}},"9":{"start":{"line":13,"column":2},"end":{"line":13,"column":19}},"10":{"start":{"line":16,"column":2},"end":{"line":40,"column":3}},"11":{"start":{"line":18,"column":4},"end":{"line":33,"column":7}},"12":{"start":{"line":19,"column":6},"end":{"line":32,"column":7}},"13":{"start":{"line":21,"column":8},"end":{"line":21,"column":45}},"14":{"start":{"line":23,"column":8},"end":{"line":23,"column":92}},"15":{"start":{"line":26,"column":8},"end":{"line":28,"column":11}},"16":{"start":{"line":27,"column":10},"end":{"line":27,"column":33}},"17":{"start":{"line":31,"column":8},"end":{"line":31,"column":103}},"18":{"start":{"line":37,"column":4},"end":{"line":39,"column":7}},"19":{"start":{"line":38,"column":6},"end":{"line":38,"column":29}},"20":{"start":{"line":46,"column":0},"end":{"line":52,"column":2}},"21":{"start":{"line":47,"column":2},"end":{"line":50,"column":5}},"22":{"start":{"line":51,"column":2},"end":{"line":51,"column":24}},"23":{"start":{"line":60,"column":0},"end":{"line":74,"column":2}},"24":{"start":{"line":61,"column":2},"end":{"line":61,"column":19}},"25":{"start":{"line":62,"column":2},"end":{"line":64,"column":5}},"26":{"start":{"line":63,"column":4},"end":{"line":63,"column":28}},"27":{"start":{"line":66,"column":2},"end":{"line":73,"column":5}},"28":{"start":{"line":68,"column":4},"end":{"line":70,"column":7}},"29":{"start":{"line":69,"column":6},"end":{"line":69,"column":66}},"30":{"start":{"line":72,"column":4},"end":{"line":72,"column":37}},"31":{"start":{"line":83,"column":0},"end":{"line":97,"column":2}},"32":{"start":{"line":84,"column":2},"end":{"line":84,"column":19}},"33":{"start":{"line":85,"column":2},"end":{"line":88,"column":4}},"34":{"start":{"line":90,"column":2},"end":{"line":96,"column":5}},"35":{"start":{"line":91,"column":4},"end":{"line":91,"column":42}},"36":{"start":{"line":91,"column":17},"end":{"line":91,"column":40}},"37":{"start":{"line":93,"column":4},"end":{"line":95,"column":16}},"38":{"start":{"line":94,"column":6},"end":{"line":94,"column":22}},"39":{"start":{"line":104,"column":0},"end":{"line":135,"column":2}},"40":{"start":{"line":105,"column":2},"end":{"line":105,"column":19}},"41":{"start":{"line":107,"column":2},"end":{"line":120,"column":5}},"42":{"start":{"line":108,"column":4},"end":{"line":108,"column":22}},"43":{"start":{"line":111,"column":4},"end":{"line":119,"column":7}},"44":{"start":{"line":112,"column":6},"end":{"line":116,"column":7}},"45":{"start":{"line":114,"column":8},"end":{"line":114,"column":45}},"46":{"start":{"line":115,"column":8},"end":{"line":115,"column":21}},"47":{"start":{"line":118,"column":6},"end":{"line":118,"column":18}},"48":{"start":{"line":122,"column":2},"end":{"line":122,"column":26}},"49":{"start":{"line":124,"column":2},"end":{"line":134,"column":5}},"50":{"start":{"line":125,"column":4},"end":{"line":133,"column":5}},"51":{"start":{"line":127,"column":6},"end":{"line":129,"column":9}},"52":{"start":{"line":128,"column":8},"end":{"line":128,"column":31}},"53":{"start":{"line":132,"column":6},"end":{"line":132,"column":79}},"54":{"start":{"line":137,"column":0},"end":{"line":156,"column":2}},"55":{"start":{"line":138,"column":2},"end":{"line":138,"column":19}},"56":{"start":{"line":140,"column":2},"end":{"line":144,"column":5}},"57":{"start":{"line":141,"column":4},"end":{"line":143,"column":7}},"58":{"start":{"line":142,"column":6},"end":{"line":142,"column":19}},"59":{"start":{"line":146,"column":2},"end":{"line":146,"column":25}},"60":{"start":{"line":148,"column":2},"end":{"line":155,"column":5}},"61":{"start":{"line":149,"column":4},"end":{"line":149,"column":14}},"62":{"start":{"line":150,"column":4},"end":{"line":152,"column":5}},"63":{"start":{"line":151,"column":6},"end":{"line":151,"column":76}},"64":{"start":{"line":154,"column":4},"end":{"line":154,"column":20}},"65":{"start":{"line":163,"column":0},"end":{"line":174,"column":2}},"66":{"start":{"line":164,"column":2},"end":{"line":164,"column":19}},"67":{"start":{"line":166,"column":2},"end":{"line":172,"column":5}},"68":{"start":{"line":171,"column":4},"end":{"line":171,"column":27}},"69":{"start":{"line":182,"column":0},"end":{"line":212,"column":2}},"70":{"start":{"line":183,"column":2},"end":{"line":183,"column":22}},"71":{"start":{"line":186,"column":2},"end":{"line":211,"column":5}},"72":{"start":{"line":187,"column":4},"end":{"line":187,"column":38}},"73":{"start":{"line":187,"column":15},"end":{"line":187,"column":36}},"74":{"start":{"line":190,"column":4},"end":{"line":208,"column":5}},"75":{"start":{"line":191,"column":6},"end":{"line":191,"column":14}},"76":{"start":{"line":194,"column":6},"end":{"line":204,"column":7}},"77":{"start":{"line":195,"column":8},"end":{"line":195,"column":33}},"78":{"start":{"line":196,"column":13},"end":{"line":204,"column":7}},"79":{"start":{"line":197,"column":8},"end":{"line":201,"column":9}},"80":{"start":{"line":198,"column":10},"end":{"line":198,"column":67}},"81":{"start":{"line":200,"column":10},"end":{"line":200,"column":19}},"82":{"start":{"line":203,"column":8},"end":{"line":203,"column":17}},"83":{"start":{"line":206,"column":6},"end":{"line":206,"column":34}},"84":{"start":{"line":207,"column":6},"end":{"line":207,"column":32}},"85":{"start":{"line":210,"column":4},"end":{"line":210,"column":38}},"86":{"start":{"line":214,"column":0},"end":{"line":214,"column":28}}},"branchMap":{"1":{"line":7,"type":"cond-expr","locations":[{"start":{"line":7,"column":36},"end":{"line":7,"column":61}},{"start":{"line":7,"column":64},"end":{"line":7,"column":77}}]},"2":{"line":16,"type":"if","locations":[{"start":{"line":16,"column":2},"end":{"line":16,"column":2}},{"start":{"line":16,"column":2},"end":{"line":16,"column":2}}]},"3":{"line":19,"type":"if","locations":[{"start":{"line":19,"column":6},"end":{"line":19,"column":6}},{"start":{"line":19,"column":6},"end":{"line":19,"column":6}}]},"4":{"line":91,"type":"if","locations":[{"start":{"line":91,"column":4},"end":{"line":91,"column":4}},{"start":{"line":91,"column":4},"end":{"line":91,"column":4}}]},"5":{"line":112,"type":"if","locations":[{"start":{"line":112,"column":6},"end":{"line":112,"column":6}},{"start":{"line":112,"column":6},"end":{"line":112,"column":6}}]},"6":{"line":125,"type":"if","locations":[{"start":{"line":125,"column":4},"end":{"line":125,"column":4}},{"start":{"line":125,"column":4},"end":{"line":125,"column":4}}]},"7":{"line":150,"type":"if","locations":[{"start":{"line":150,"column":4},"end":{"line":150,"column":4}},{"start":{"line":150,"column":4},"end":{"line":150,"column":4}}]},"8":{"line":187,"type":"if","locations":[{"start":{"line":187,"column":4},"end":{"line":187,"column":4}},{"start":{"line":187,"column":4},"end":{"line":187,"column":4}}]},"9":{"line":194,"type":"if","locations":[{"start":{"line":194,"column":6},"end":{"line":194,"column":6}},{"start":{"line":194,"column":6},"end":{"line":194,"column":6}}]},"10":{"line":196,"type":"if","locations":[{"start":{"line":196,"column":13},"end":{"line":196,"column":13}},{"start":{"line":196,"column":13},"end":{"line":196,"column":13}}]}},"code":["var Serialport = require('serialport');","var async = require('async');","var awty = require('awty');","","var Connection = function(options) {","  this.options = options;","  this.debug = this.options.debug ? console.log.bind(console) : function() {};","","  this.board = this.options.board;","};","","Connection.prototype._init = function(callback) {","  var _this = this;","","  // check for port","  if (!_this.options.port) {","    // no port, auto sniff for the correct one","    _this._sniffPort(function(error, port) {","      if (port.length) {","        // found a port, save it","        _this.options.port = port[0].comName;","","        _this.debug('found ' + _this.options.board.name + ' on port ' + _this.options.port);","","        // set up serialport for it","        _this._setUpSerial(function(error) {","          return callback(error);","        });","      } else {","        // we didn't find the board","
[...]
","","/**"," * Uploads the provided hex file to the board, via the AVR109 protocol"," *"," * @param {string, Buffer} hex - path of hex file for uploading, or Buffer of the hex data"," * @param {function} callback - function to run upon completion/error"," */","Avr109.prototype._upload = function(file, callback) {","  var _this = this;","  var data;","","  try {","    if (typeof file === 'string') {","      data = fs.readFileSync(file, {","        encoding: 'utf8'","      });","    } else {","      data = file;","    }","  } catch (error) {","    return callback(error);","  }","","  _this._reset(function(error) {","    if (error) { return callback(error); }","","    _this.debug('reset complete.');","","    _this.connection._pollForOpen(function(error) {","      if (error) { return callback(error); }","","      _this.debug('connected');","","      _this._write(data, function(error) {","        var color = (error ? colors.red : colors.green);","        _this.debug(color('flash complete.'));","","        // Can't close the serialport on avr109 boards >> node-serialport/issues/415","        // _this.serialPort.close();","","        return callback(error);","      });","    });","  });","};","","/**"," * Performs the writing part of uploading to an AVR109 bootloaded chip"," *"," * @param {buffer} data - hex buffer to write to the chip"," * @param {function} callback - function to run upon completion/error"," */","Avr109.prototype._write = function(data, callback) {","  var _this = this;","","  var options = {","    signature: _this.board.signature.toString(),","    debug: false","  };","","  _this.chip.init(_this.connection.serialPort, options, function(error, flasher) {","    if (error) { return callback(error); }","","    _this.debug('flashing, please wait...');","","    async.series([","      flasher.erase.bind(flasher),","      flasher.program.bind(flasher, data.toString()),","      function verify(done) {","        flasher.verify(done);","      },","","      flasher.fuseCheck.bind(flasher)","    ],","    function(error) {","      return callback(error);","    });","  });","};","","/**"," * Software resets an Arduino AVR109 bootloaded chip into bootloader mode"," *"," * @param {function} callback - function to run upon completion/error"," */","Avr109.prototype._reset = function(callback) {","  var _this = this;","  var conn;","","  // creating a temporary connection for resetting only","  var tempSerialPort = new Serialport(_this.connection.options.port, {","    baudRate: 1200,","    autoOpen: false","  });","","  _this.connection.serialPort = tempSerialPort;","  conn = _this.connection;","","  _this.debug('resetting board...');","","  _this.connection.serialPort.once('close', function() {","    async.series([","      conn._setUpSerial.bind(conn),","      conn._pollForPort.bind(conn)","    ],","    function(error) {","      return callback(error);","    });","  });","","  async.series([","    tempSerialPort.open.bind(tempSerialPort),","    conn._cycleDTR.bind(conn)","  ],","  function(error) {","    if (error) {","      return callback(error);","    }","  });","};","","module.exports = Avr109;",""],"l":{"1":1,"2":1,"3":1,"4":1,"5":1,"6":1,"7":1,"9":1,"10":0,"12":0,"15":1,"23":1,"24":0,"25":0,"27":0,"28":0,"29":0,"33":0,"36":0,"39":0,"40":0,"42":0,"44":0,"45":0,"47":0,"49":0,"50":0,"51":0,"56":0,"68":1,"69":0,"71":0,"76":0,"77":0,"79":0,"81":0,"85":0,"91":0,"101":1,"102":0,"103":0,"106":0,"111":0,"112":0,"114":0,"116":0,"117":0,"122":0,"126":0,"131":0,"132":0,"137":1}},"/home/travis/build/npmtest/node-npmtest-avrgirl-arduino/node_modules/avrgirl-arduino/gulpfile.js":{"path":"/home/travis/build/npmtest/node-npmtest-avrgirl-arduino/node_modules/avrgirl-arduino/gulpfile.js","s":{"1":2,"2":0,"3":0,"4":0,"5":0,"6":0,"7":0,"8":0,"9":0,"10":0,"11":0,"12":0,"13":0},"b":{},"f":{"1":0,"2":0,"3":0},"fnMap":{"1":{"name":"(anonymous_1)","line":8,"loc":{"start":{"line":8,"column":18},"end":{"line":8,"column":29}}},"2":{"name":"(anonymous_2)","line":15,"loc":{"start":{"line":15,"column":18},"end":{"line":15,"column":29}}},"3":{"name":"(anonymous_3)","line":23,"loc":{"start":{"line":23,"column":18},"end":{"line":23,"column":29}}}},"statementMap":{"1":{"start":{"line":1,"column":0},"end":{"line":1,"column":27}},"2":{"start":{"line":2,"column":0},"end":{"line":2,"column":32}},"3":{"start":{"line":3,"column":0},"end":{"line":3,"column":34}},"4":{"start":{"line":4,"column":0},"end":{"line":4,"column":32}},"5":{"start":{"line":5,"column":0},"end":{"line":5,"column":36}},"6":{"start":{"line":6,"column":0},"end":{"line":6,"column":40}},"7":{"start":{"line":8,"column":0},"end":{"line":13,"column":3}},"8":{"start":{"line":9,"column":2},"end":{"line":12,"column":8}},"9":{"start":{"line":15,"column":0},"end":{"line":21,"column":3}},"10":{"start":{"line":16,"column":2},"end":{"line":20,"column":32}},"11":{"start":{"line":23,"column":0},"end":{"line":28,"column":3}},"12":{"start":{"line":24,"column":2},"end":{"line":27,"column":35}},"13":{"start":{"line":30,"column":0},"end":{"line":30,"column":36}}},"branchMap":{},"code":["var gulp = require('gulp');","var tape = require('gulp-tape');","var tapSpec = require('tap-spec');","var jscs = require('gulp-jscs');","var jshint = require('gulp-jshint');","var stylish = require('jshint-stylish');","","gulp.task('spec', function() {","  return gulp.src(['tests/*.spec.js'])","    .pipe(tape({","      reporter: tapSpec()","    }));","});","","gulp.task('jscs', function() {","  return gulp.src(['tests/*.spec.js', 'tests/helpers/*.js', 'avrgirl-arduino.js', 'lib/*.js'], { base: \"./\" })","    .pipe(jscs({fix: true}))","    .pipe(gulp.dest('.'))","    .pipe(jscs.reporter())","    .pipe(jscs.reporter('fail'))","});","","gulp.task('lint', function() {","  return gulp.src(['tests/*.spec.js', 'tests/helpers/*.js', 'avrgirl-arduino.js', 'lib/*.js'])","    .pipe(jshint())","    .pipe(jshint.reporter('jshint-stylish'))","    .pipe(jshint.reporter('fail'));","});","","gulp.task('test', ['spec', 'lint']);",""],"l":{"1":2,"2":0,"3":0,"4":0,"5":0,"6":0,"8":0,"9":0,"15":0,"16":0,"23":0,"24":0,"30":0}},"/home/travis/build/npmtest/node-npmtest-avrgirl-arduino/node_modules/avrgirl-arduino/bin/cli.js":{"path":"/home/travis/build/npmtest/node-npmtest-avrgirl-arduino/node_modules/avrgirl-arduino/bin/cli.js","s":{"1":1,"2":1,"3":1,"4":1,"5":1,"6":1,"7":1,"8":1,"9":1,"10":1,"11":1,"12":1,"13":1,"14":0,"15":0,"16":0,"17":0,"18":0,"19":0,"20":1,"21":1,"22":0,"23":0,"24":0,"25":0,"26":0,"27":0,"28":0,"29":0,"30":0,"31":0,"32":0,"33":0,"34":0,"35":0,"36":0,"37":0,"38":0,"39":0,"40":0,"41":0,"42":0,"43":0,"44":0,"45":0,"46":0,"47":0,"48":0,"49":0,"50":0,"51":0,"52":0,"53":1,"54":1,"55":1,"56":1},"b":{"1":[0,0],"2":[0,0,0,0,0,1],"3":[0,0],"4":[0,0],"5":[0,0],"6":[0,0],"7":[0,0],"8":[0,0],"9":[0,0],"10":[0,0],"11":[0,0]},"f":{"1":1,"2":0,"3":0,"4":1,"5":0,"6":0,"7":0},"fnMap":{"1":{"name":"showHelp","line":18,"loc":{"start":{"line":18,"column":0},"end":{"line":18,"column":20}}},"2":{"name":"flash","line":22,"loc":{"start":{"line":22,"column":0},"end":{"line":22,"column":30}}},"3":{"name":"(anonymous_3)","line":26,"loc":{"start":{"line":26,"column":26},"end":{"line":26,"column":42}}},"4":{"name":"handleInput","line":34,"loc":{"start":{"line":34,"column":0},"end":{"line":34,"column":35}}},"5":{"name":"(anonymous_5)","line":64,"loc":{"start":{"line":64,"column":24},"end":{"line":64,"column":45}}},"6":{"name":"(anonymous_6)","line":79,"loc":{"start":{"line":79,"column":32},"end":{"line":79,"column":59}}},"7":{"name":"(anonymous_7)","line":84,"loc":{"start":{"line":84,"column":28},"end":{"line":84,"column":42}}}},"statementMap":{"1":{"start":{"line":2,"column":0},"end":{"line":2,"column":44}},"2":{"start":{"line":3,"column":0},"end":{"line":3,"column":34}},"3":{"start":{"line":4,"column":0},"end":{"line":4,"column":36}},"4":{"start":{"line":5,"column":0},"end":{"line":5,"column":27}},"5":{"start":{"line":6,"column":0},"end":{"line":6,"column":37}},"6":{"start":{"line":7,"column":0},"end":{"line":7,"column":53}},"7":{"start":{"line":9,"column":0},"end":{"line":9,"column":35}},"8":{"start":{"line":10,"column":0},"end":{"line":10,"column":31}},"9":{"start":{"line":11,"column":0},"end":{"line":11,"column":27}},"10":{"start":{"line":12,"column":0},"end":{"line":16,"column":33}},"11":{"start":{"line":18,"column":0},"end":{"line":20,"column":1}},"12":{"start":{"line":19,"column":2},"end":{"line":19,"column":20}},"13":{"start":{"line":22,"column":0},"end":{"line":32,"column":1}},"14":{"start":{"line":23,"column":2},"end":{"line":23,"column":37}},"15":{"start":{"line":24,"column":2},"end":{"line":24,"column":51}},"16":{"start":{"line":26,"column":2},"end":{"line":31,"column":5}},"17":{"start":{"line":27,"column":4},"end":{"line":30,"column":5}},"18":{"start":{"line":28,"column":6},"end":{"line":28,"column":27}},"19":{"start":{"line":29,"column":6},"end":{"line":29,"column":22}},"20":{"start":{"line":34,"column":0},"end":{"line":107,"column":1}},"21":{"start":{"line":35,"column":2},"end":{"line":106,"column":3}},"22":{"start":{"line":37,"column":6},"end":{"line":52,"column":7}},"23":{"start":{"line":38,"column":8},"end":{"line":38,"column":19}},"24":{"start":{"line":39,"column":8},"end":{"line":39,"column":24}},"25":{"start":{"line":40,"column":13},"end":{"line":52,"column":7}},"26":{"start":{"line":41,"column":8},"end":{"line":41,"column":78}},"27":{"start":{"line":42,"column":8},"end":{"line":42,"column":24}},"28":{"start":{"line":45,"column":8},"end":{"line":49,"column":10}},"29":{"start":{"line":51,"column":8},"end":{"line":51,"column":31}},"30":{"start":{"line":54,"column":6},"end":{"line":54,"column":12}},"31":{"start":{"line":58,"column":6},"end":{"line":58,"column":57}},"32":{"start":{"line":59,"column":6},"end":{"line":59,"column":71}},"33":{"start":{"line":60,"column":6},"end":{"line":60,"column":12}},"34":{"start":{"line":64,"column":6},"end":{"line":66,"column":9}},"35":{"start":{"line":65,"column":8},"end":{"line":65,"column":27}},"36":{"start":{"line":68,"column":6},"end":{"line":68,"column":12}},"37":{"start":{"line":72,"column":6},"end":{"line":72,"column":17}},"38":{"start":{"line":73,"column":6},"end":{"line":73,"column":21}},"39":{"start":{"line":74,"column":6},"end":{"line":74,"column":12}},"40":{"start":{"line":78,"column":6},"end":{"line":78,"column":48}},"41":{"start":{"line":79,"column":6},"end":{"line":96,"column":9}},"42":{"start":{"line":80,"column":8},"end":{"line":95,"column":9}},"43":{"start":{"line":81,"column":10},"end":{"line":81,"column":26}},"44":{"start":{"line":83,"column":10},"end":{"line":83,"column":66}},"45":{"start":{"line":84,"column":10},"end":{"line":94,"column":13}},"46":{"start":{"line":85,"column":12},"end":{"line":93,"column":13}},"47":{"start":{"line":86,"column":14},"end":{"line":86,"column":28}},"48":{"start":{"line":87,"column":14},"end":{"line":89,"column":15}},"49":{"start":{"line":88,"column":16},"end":{"line":88,"column":180}},"50":{"start":{"line":90,"column":14},"end":{"line":90,"column":38}},"51":{"start":{"line":92,"column":14},"end":{"line":92,"column":30}},"52":{"start":{"line":97,"column":6},"end":{"line":97,"column":12}},"53":{"start":{"line":102,"column":6},"end":{"line":102,"column":17}},"54":{"start":{"line":103,"column":6},"end":{"line":103,"column":22}},"55":{"start":{"line":104,"column":6},"end":{"line":104,"column":12}},"56":{"start":{"line":109,"column":0},"end":{"line":109,"column":30}}},"branchMap":{"1":{"line":27,"type":"if","locations":[{"start":{"line":27,"column":4},"end":{"line":27,"column":4}},{"start":{"line":27,"column":4},"end":{"line":27,"column":4}}]},"2":{"line":35,"type":"switch","locations":[{"start":{"line":36,"column":4},"end":{"line":55,"column":5}},{"start":{"line":57,"column":4},"end":{"line":61,"column":5}},{"start":{"line":63,"column":4},"end":{"line":69,"column":5}},{"start":{"line":71,"column":4},"end":{"line":75,"column":5}},{"start":{"line":77,"column":4},"end":{"line":98,"column":5}},{"start":{"line":100,"column":4},"end":{"line":105,"column":5}}]},"3":{"line":37,"type":"if","locations":[{"start":{"line":37,"column":6},"end":{"line":37,"column":6}},{"start":{"line":37,"column":6},"end":{"line":37,"column":6}}]},"4":{"line":37,"type":"binary-expr","locations":[{"start":{"line":37,"column":10},"end":{"line":37,"column":17}},{"start":{"line":37,"column":21},"end":{"line":37,"column":28}}]},"5":{"line":40,"type":"if","locations":[{"start":{"line":40,"column":13},"end":{"line":40,"column":13}},{"start":{"line":40,"column":13},"end":{"line":40,"column":13}}]},"6":{"line":47,"type":"binary-expr","locations":[{"start":{"line":47,"column":16},"end":{"line":47,"column":22}},{"start":{"line":47,"column":26},"end":{"line":47,"column":28}}]},"7":{"line":48,"type":"binary-expr","locations":[{"start":{"line":48,"column":17},"end":{"line":48,"column":23}},{"start":{"line":48,"column":27},"end":{"line":48,"column":32}}]},"8":{"line":80,"type":"if","locations":[{"start":{"line":80,"column":8},"end":{"line":80,"column":8}},{"start":{"line":80,"column":8},"end":{"line":80,"column":8}}]},"9":{"line":85,"type":"if","locations":[{"start":{"line":85,"column":12},"end":{"line":85,"column":12}},{"start":{"line":85,"column":12},"end":{"line":85,"column":12}}]},"10":{"line":87,"type":"if","locations":[{"start":{"line":87,"column":14},"end":{"line":87,"column":14}},{"start":{"line":87,"column":14},"end":{"line":87,"column":14}}]},"11":{"line":87,"type":"binary-expr","locations":[{"start":{"line":87,"column":18},"end":{"line":87,"column":39}},{"start":{"line":87,"column":43},"end":{"line":87,"column":63}}]}},"code":["//#!/usr/bin/env node","var Avrgirl = require('../avrgirl-arduino');","var boards = require('../boards');","var parseArgs = require('minimist');","var path = require('path');","var child = require('child_process');","var testPilot = require('../lib/test-pilot-checker');","","var args = (process.argv.slice(2));","var argv = parseArgs(args, {});","var userAction = argv._[0];","var help = 'Usage:\\n' +","  '  avrgirl-arduino flash -f <file> -a <arduino name> [-p <port>] [-v]\\n' +","  '  avrgirl-arduino boards\\n' +","  '  avrgirl-arduino list\\n' +","  '  avrgirl-arduino test-pilot';","","function showHelp() {","  console.log(help);","}","","function flash(file, options) {","  var avrgirl = new Avrgirl(options);","  var filepath = path.resolve(process.cwd(), file);","","  avrgirl.flash(filepath, function(error) {","    if (error) {","      console.error(error);","      process.exit(1);","    }","  });","}","","function handleInput(action, argz) {","  switch (action) {","    case 'flash': {","      if (!argz.f || !argz.a) {","        showHelp();","        process.exit(1);","      } else if (!boards.byName[argz.a]) {","        console.error(new Error('Oops! That board is not supported, sorry.'));","        process.exit(1);","      } else {","        // run flash function here if all is well","        var options = {","          board: argz.a,","          port: argz.p || '',","          debug: argz.v || false","        };","","        flash(argz.f, options);","      }","","      break;","    }","","    case 'boards': {","      var boardNames = Object.keys(boards.byName).sort();","      console.log('Supported Boards:\\n - ' + boardNames.join('\\n - '));","      break;","    }","","    case 'list': {","      Avrgirl.listPorts(function(err, ports) {","        console.log(ports);","      });","","      break;","    }","","    case 'help': {","      showHelp();","      process.exit();","      break;","    }","","    case 'test-pilot': {","      console.log('running preflight check...');","      testPilot.checkForInstall(function(err, isInstalled) {","        if (isInstalled) {","          testPilot.run();","        } else {","          console.log('installing test pilot, won\\'t be long...');","          testPilot.install(function(err) {","            if (err) {","              var msg = err;","              if (err.code === 'EACCES' || err.code === 'EPERM') {","                msg = new Error('Oops! We ran into a permissions issue... you might want to check out this resource https://docs.npmjs.com/getting-started/fixing-npm-permissions');","              }","              return console.log(msg);","            } else {","              testPilot.run();","            }","          });","        }","      });","      break;","    }","","    default: {","      // Invalid or no argument specified, show help and exit with an error status","      showHelp();","      process.exit(9);","      break;","    }","  }","}","","handleInput(userAction, argv);",""],"l":{"2":1,"3":1,"4":1,"5":1,"6":1,"7":1,"9":1,"10":1,"11":1,"12":1,"18":1,"19":1,"22":1,"23":0,"24":0,"26":0,"27":0,"28":0,"29":0,"34":1,"35":1,"37":0,"38":0,"39":0,"40":0,"41":0,"42":0,"45":0,"51":0,"54":0,"58":0,"59":0,"60":0,"64":0,"65":0,"68":0,"72":0,"73":0,"74":0,"78":0,"79":0,"80":0,"81":0,"83":0,"84":0,"85":0,"86":0,"87":0,"88":0,"90":0,"92":0,"97":0,"102":1,"103":1,"104":1,"109":1}},"/home/travis/build/npmtest/node-npmtest-avrgirl-arduino/node_modules/avrgirl-arduino/lib/test-pilot-checker.js":{"path":"/home/travis/build/npmtest/node-npmtest-avrgirl-arduino/node_modules/avrgirl-arduino/lib/test-pilot-checker.js","s":{"1":1,"2":1,"3":1,"4":0,"5":0,"6":0,"7":0,"8":1,"9":0,"10":0,"11":1,"12":0,"13":0,"14":0},"b":{"1":[0,0]},"f":{"1":0,"2":0,"3":0,"4":0,"5":0,"6":0},"fnMap":{"1":{"name":"(anonymous_1)","line":4,"loc":{"start":{"line":4,"column":33},"end":{"line":4,"column":52}}},"2":{"name":"(anonymous_2)","line":5,"loc":{"start":{"line":5,"column":48},"end":{"line":5,"column":72}}},"3":{"name":"(anonymous_3)","line":11,"loc":{"start":{"line":11,"column":25},"end":{"line":11,"column":44}}},"4":{"name":"(anonymous_4)","line":12,"loc":{"start":{"line":12,"column":59},"end":{"line":12,"column":75}}},"5":{"name":"(anonymous_5)","line":17,"loc":{"start":{"line":17,"column":21},"end":{"line":17,"column":32}}},"6":{"name":"(anonymous_6)","line":18,"loc":{"start":{"line":18,"column":86},"end":{"line":18,"column":102}}}},"statementMap":{"1":{"start":{"line":1,"column":0},"end":{"line":1,"column":37}},"2":{"start":{"line":2,"column":0},"end":{"line":2,"column":27}},"3":{"start":{"line":4,"column":0},"end":{"line":9,"column":2}},"4":{"start":{"line":5,"column":2},"end":{"line":8,"column":5}},"5":{"start":{"line":6,"column":4},"end":{"line":6,"column":38}},"6":{"start":{"line":6,"column":15},"end":{"line":6,"column":38}},"7":{"start":{"line":7,"column":4},"end":{"line":7,"column":77}},"8":{"start":{"line":11,"column":0},"end":{"line":15,"column":2}},"9":{"start":{"line":12,"column":2},"end":{"line":14,"column":5}},"10":{"start":{"line":13,"column":4},"end":{"line":13,"column":27}},"11":{"start":{"line":17,"column":0},"end":{"line":22,"column":2}},"12":{"start":{"line":18,"column":2},"end":{"line":20,"column":5}},"13":{"start":{"line":19,"column":4},"end":{"line":19,"column":23}},"14":{"start":{"line":21,"column":2},"end":{"line":21,"column":33}}},"branchMap":{"1":{"line":6,"type":"if","locations":[{"start":{"line":6,"column":4},"end":{"line":6,"column":4}},{"start":{"line":6,"column":4},"end":{"line":6,"column":4}}]}},"code":["var child = require('child_process');","var path = require('path');","","module.exports.checkForInstall = function(callback) {","  child.exec('npm ls --json', {cwd: __dirname}, function(error, stdout) {","    if (error) return callback(error);","    return callback(null, !!JSON.parse(stdout).dependencies['avrga-tester']);","  });","};","","module.exports.install = function(callback) {","  child.exec('npm install avrga-tester', {cwd: __dirname}, function(error) {","    return callback(error);","  });","};","","module.exports.run = function() {","  var tp = child.exec('node ' + path.join(__dirname, '..', 'tests', 'test-pilot.js'), function(error) {","    console.log(error);","  });","  tp.stdout.pipe(process.stdout);","};",""],"l":{"1":1,"2":1,"4":1,"5":0,"6":0,"7":0,"11":1,"12":0,"13":0,"17":1,"18":0,"19":0,"21":0}}}